Sep-08 08:48:14.836 [main] DEBUG nextflow.cli.Launcher - $> nextflow run main.nf -profile local_workstation_rtx4070,docker --input /home/phemarajata/Downloads/bp_finalset --outdir /home/phemarajata/Downloads/bp_finalset/results_recombination_aware_2 --recombination_aware_mode true --integrate_results true --mash_threshold 0.028 --max_cluster_size 50 --merge_singletons true --mash_sketch_size 50000 --recombination gubbins --snp_package parsnp --run_gubbins -resume
Sep-08 08:48:14.904 [main] DEBUG nextflow.cli.CmdRun - N E X T F L O W  ~  version 25.04.6
Sep-08 08:48:14.925 [main] DEBUG nextflow.plugin.PluginsFacade - Setting up plugin manager > mode=prod; embedded=false; plugins-dir=/home/phemarajata/.nextflow/plugins; core-plugins: nf-amazon@2.15.0,nf-azure@1.16.0,nf-cloudcache@0.4.3,nf-codecommit@0.2.3,nf-console@1.2.1,nf-google@1.21.1,nf-k8s@1.0.0,nf-tower@1.11.4,nf-wave@1.12.1
Sep-08 08:48:14.941 [main] INFO  o.pf4j.DefaultPluginStatusProvider - Enabled plugins: []
Sep-08 08:48:14.941 [main] INFO  o.pf4j.DefaultPluginStatusProvider - Disabled plugins: []
Sep-08 08:48:14.943 [main] INFO  org.pf4j.DefaultPluginManager - PF4J version 3.12.0 in 'deployment' mode
Sep-08 08:48:14.956 [main] INFO  org.pf4j.AbstractPluginManager - No plugins
Sep-08 08:48:14.974 [main] DEBUG nextflow.config.ConfigBuilder - Found config local: /home/phemarajata/wf-assembly-snps-mod-usher/nextflow.config
Sep-08 08:48:14.976 [main] DEBUG nextflow.config.ConfigBuilder - Parsing config file: /home/phemarajata/wf-assembly-snps-mod-usher/nextflow.config
Sep-08 08:48:15.000 [main] DEBUG n.secret.LocalSecretsProvider - Secrets store: /home/phemarajata/.nextflow/secrets/store.json
Sep-08 08:48:15.003 [main] DEBUG nextflow.secret.SecretsLoader - Discovered secrets providers: [nextflow.secret.LocalSecretsProvider@5a101b1c] - activable => nextflow.secret.LocalSecretsProvider@5a101b1c
Sep-08 08:48:15.019 [main] DEBUG nextflow.config.ConfigBuilder - Applying config profile: `local_workstation_rtx4070,docker`
Sep-08 08:48:16.268 [main] DEBUG nextflow.config.ConfigBuilder - Available config profiles: [aspen_hpc, debug, test, local_workstation, docker, local_workstation_rtx4070, dgx_station_a100_updated, shifter, conda, dgx_station, singularity, rosalind_hpc, test_full]
Sep-08 08:48:16.304 [main] DEBUG nextflow.cli.CmdRun - Applied DSL=2 from script declaration
Sep-08 08:48:16.321 [main] DEBUG nextflow.cli.CmdRun - Launching `main.nf` [admiring_faggin] DSL2 - revision: e09a5c4ead
Sep-08 08:48:16.322 [main] DEBUG nextflow.plugin.PluginsFacade - Plugins default=[]
Sep-08 08:48:16.323 [main] DEBUG nextflow.plugin.PluginsFacade - Plugins resolved requirement=[]
Sep-08 08:48:16.380 [main] DEBUG nextflow.Session - Session UUID: c84afc46-604e-4d46-9e51-85200348a7da
Sep-08 08:48:16.380 [main] DEBUG nextflow.Session - Run name: admiring_faggin
Sep-08 08:48:16.380 [main] DEBUG nextflow.Session - Executor pool size: 22
Sep-08 08:48:16.386 [main] DEBUG nextflow.file.FilePorter - File porter settings maxRetries=3; maxTransfers=50; pollTimeout=null
Sep-08 08:48:16.391 [main] DEBUG nextflow.util.ThreadPoolBuilder - Creating thread pool 'FileTransfer' minSize=10; maxSize=66; workQueue=LinkedBlockingQueue[-1]; allowCoreThreadTimeout=false
Sep-08 08:48:16.414 [main] DEBUG nextflow.cli.CmdRun - 
  Version: 25.04.6 build 5954
  Created: 01-07-2025 11:27 UTC (18:27 ICST)
  System: Linux 6.11.0-29-generic
  Runtime: Groovy 4.0.26 on Java HotSpot(TM) 64-Bit Server VM 17.0.12+8-LTS-286
  Encoding: UTF-8 (UTF-8)
  Process: 295947@phemarajata-Stealth-16-MercedesAMG-A1VGG [127.0.1.1]
  CPUs: 22 - Mem: 62.3 GB (39.3 GB) - Swap: 8 GB (8 GB)
Sep-08 08:48:16.439 [main] DEBUG nextflow.Session - Work-dir: /home/phemarajata/wf-assembly-snps-mod-usher/work [ext2/ext3]
Sep-08 08:48:16.467 [main] DEBUG nextflow.executor.ExecutorFactory - Extension executors providers=[]
Sep-08 08:48:16.476 [main] DEBUG nextflow.Session - Observer factory: DefaultObserverFactory
Sep-08 08:48:16.512 [main] DEBUG nextflow.Session - Observer factory (v2): LinObserverFactory
Sep-08 08:48:16.536 [main] DEBUG nextflow.cache.CacheFactory - Using Nextflow cache factory: nextflow.cache.DefaultCacheFactory
Sep-08 08:48:16.545 [main] DEBUG nextflow.util.CustomThreadPool - Creating default thread pool > poolSize: 23; maxThreads: 1000
Sep-08 08:48:16.634 [main] DEBUG nextflow.Session - Session start
Sep-08 08:48:16.638 [main] DEBUG nextflow.trace.TraceFileObserver - Workflow started -- trace file: /home/phemarajata/Downloads/bp_finalset/results_recombination_aware_2/pipeline_info/execution_trace_2025-09-08_08-48-16.txt
Sep-08 08:48:16.645 [main] DEBUG nextflow.Session - Using default localLib path: /home/phemarajata/wf-assembly-snps-mod-usher/lib
Sep-08 08:48:16.648 [main] DEBUG nextflow.Session - Adding to the classpath library: /home/phemarajata/wf-assembly-snps-mod-usher/lib
Sep-08 08:48:16.649 [main] DEBUG nextflow.Session - Adding to the classpath library: /home/phemarajata/wf-assembly-snps-mod-usher/lib/nfcore_external_java_deps.jar
Sep-08 08:48:17.225 [main] DEBUG nextflow.script.ScriptRunner - > Launching execution
Sep-08 08:48:17.284 [main] INFO  nextflow.Nextflow - 

-[2m----------------------------------------------------[0m-
[0;34m     __         __ __ __     __            __     __  __    [0m
[0;34m|  ||_  __  /\ (_ (_ |_ |\/||__)|  \_/ __ (_ |\ ||__)(_ [0m
[0;34m|/\||      /--\__)__)|__|  ||__)|__ |     __)| \||   __) [0m

[0;32m       Identify SNPs from genome assemblies.               [0m


[0;35m     bacterial-genomics/wf-assembly-snps v1.0.2[0m
-[2m----------------------------------------------------[0m-
[1mCore Nextflow options[0m
  [0;34mrunName                   : [0;32madmiring_faggin[0m
  [0;34mcontainerEngine           : [0;32mdocker[0m
  [0;34mlaunchDir                 : [0;32m/home/phemarajata/wf-assembly-snps-mod-usher[0m
  [0;34mworkDir                   : [0;32m/home/phemarajata/wf-assembly-snps-mod-usher/work[0m
  [0;34mprojectDir                : [0;32m/home/phemarajata/wf-assembly-snps-mod-usher[0m
  [0;34muserName                  : [0;32mphemarajata[0m
  [0;34mprofile                   : [0;32mlocal_workstation_rtx4070,docker[0m
  [0;34mconfigFiles               : [0;32m/home/phemarajata/wf-assembly-snps-mod-usher/nextflow.config[0m

[1mInput/output options[0m
  [0;34minput                     : [0;32m/home/phemarajata/Downloads/bp_finalset[0m
  [0;34moutdir                    : [0;32m/home/phemarajata/Downloads/bp_finalset/results_recombination_aware_2[0m

[1mAnalysis options[0m
  [0;34mrecombination             : [0;32mgubbins[0m

[1mProfile options[0m
  [0;34mprofile_cache_dir         : [0;32m/home/phemarajata/wf-assembly-snps-mod-usher/assets/.cache[0m

[1mScalable workflow options[0m
  [0;34mmash_threshold            : [0;32m0.028[0m
  [0;34mmax_cluster_size          : [0;32m50[0m
  [0;34mgubbins_tree_builder      : [0;32miqtree[0m
  [0;34mgubbins_min_snps          : [0;32m2[0m

[1mInstitutional config options[0m
  [0;34mconfig_profile_name       : [0;32mLocal workstation RTX 4070[0m
  [0;34mconfig_profile_description: [0;32mLocal workstation profile for 22 cores, 64GB RAM, and NVIDIA RTX 4070 GPU[0m

[1mMax job request options[0m
  [0;34mmax_cpus                  : [0;32m20[0m
  [0;34mmax_memory                : [0;32m56.GB[0m

[1mGeneric options[0m
  [0;34mtracedir                  : [0;32m/home/phemarajata/Downloads/bp_finalset/results_recombination_aware_2/pipeline_info[0m
  [0;34mprocess_log_dir           : [0;32m/home/phemarajata/Downloads/bp_finalset/results_recombination_aware_2/pipeline_info/process_logs[0m
  [0;34mqc_filecheck_log_dir      : [0;32m/home/phemarajata/Downloads/bp_finalset/results_recombination_aware_2/pipeline_info/qc_file_checks[0m

!! Only displaying parameters that differ from the pipeline defaults !!
-[2m----------------------------------------------------[0m-
If you use bacterial-genomics/wf-assembly-snps for your analysis please cite:

* The nf-core framework
  https://doi.org/10.1038/s41587-020-0439-x

* Software dependencies
  https://github.com/bacterial-genomics/wf-assembly-snps/blob/main/CITATIONS.md
-[2m----------------------------------------------------[0m-
Sep-08 08:48:17.389 [main] WARN  nextflow.Nextflow - Found unexpected parameters:
* --rescale_grafted_branches: false
* --usher_container: null
* --usher_optimize_final_tree: true
* --usher_retain_branch_lengths: true
* --use_usher_placement: true
* --backbone_container: null
* --backbone_fasttree_opts: -nt -gtr
* --backbone_method: parsnp
* --alignment_method: snippy
* --iqtree_fconst: null
* --iqtree_asc_model: GTR+ASC
* --mash_min_copies: 1
* --mash_kmer_size: 21
* --work_cache_dir: /home/phemarajata/Downloads/bp_finalset/results_recombination_aware_2/work_cache
* --mash_sketch_size: 50000
* --recombination_aware_mode: true
* --enable_resume_optimization: true
Sep-08 08:48:17.390 [main] INFO  nextflow.Nextflow - - [2mIgnore this warning: params.schema_ignore_params = "rescale_grafted_branches,usher_container,usher_optimize_final_tree,usher_retain_branch_lengths,use_usher_placement,backbone_container,backbone_fasttree_opts,backbone_method,alignment_method,iqtree_fconst,iqtree_asc_model,mash_min_copies,mash_kmer_size,work_cache_dir,mash_sketch_size,recombination_aware_mode,enable_resume_optimization" [0m
Sep-08 08:48:19.544 [main] INFO  nextflow.Nextflow - Starting recombination-aware SNP analysis workflow
Sep-08 08:48:19.544 [main] INFO  nextflow.Nextflow - Goal: Per-cluster recombination detection + tree grafting
Sep-08 08:48:19.623 [main] DEBUG nextflow.executor.ExecutorFactory - << taskConfig executor: local
Sep-08 08:48:19.624 [main] DEBUG nextflow.executor.ExecutorFactory - >> processorType: 'local'
Sep-08 08:48:19.627 [main] DEBUG nextflow.executor.Executor - [warm up] executor > local
Sep-08 08:48:19.631 [main] DEBUG n.processor.LocalPollingMonitor - Creating local task monitor for executor 'local' > cpus=20; memory=56 GB; capacity=22; pollInterval=100ms; dumpInterval=5m
Sep-08 08:48:19.632 [main] DEBUG n.processor.TaskPollingMonitor - >>> barrier register (monitor: local)
Sep-08 08:48:19.643 [main] DEBUG nextflow.processor.TaskProcessor - Creating process 'RECOMBINATION_AWARE_SNPS:INFILE_HANDLING_UNIX': maxForks=0; fair=false; array=0
Sep-08 08:48:19.667 [main] INFO  nextflow.Nextflow - STEP 1: Clustering genomes with Mash distances
Sep-08 08:48:19.673 [main] DEBUG nextflow.script.ProcessConfig - Config settings `withLabel:process_low` matches labels `process_low` for process with name RECOMBINATION_AWARE_SNPS:MASH_SKETCH
Sep-08 08:48:19.674 [main] DEBUG nextflow.script.ProcessConfig - Config settings `withName:MASH_SKETCH` matches process RECOMBINATION_AWARE_SNPS:MASH_SKETCH
Sep-08 08:48:19.676 [main] DEBUG nextflow.executor.ExecutorFactory - << taskConfig executor: local
Sep-08 08:48:19.676 [main] DEBUG nextflow.executor.ExecutorFactory - >> processorType: 'local'
Sep-08 08:48:19.678 [main] DEBUG nextflow.processor.TaskProcessor - Creating process 'RECOMBINATION_AWARE_SNPS:MASH_SKETCH': maxForks=8; fair=false; array=0
Sep-08 08:48:19.687 [main] DEBUG nextflow.script.ProcessConfig - Config settings `withLabel:process_medium` matches labels `process_medium` for process with name RECOMBINATION_AWARE_SNPS:MASH_DIST
Sep-08 08:48:19.688 [main] DEBUG nextflow.script.ProcessConfig - Config settings `withName:MASH_DIST` matches process RECOMBINATION_AWARE_SNPS:MASH_DIST
Sep-08 08:48:19.689 [main] DEBUG nextflow.executor.ExecutorFactory - << taskConfig executor: local
Sep-08 08:48:19.689 [main] DEBUG nextflow.executor.ExecutorFactory - >> processorType: 'local'
Sep-08 08:48:19.690 [main] DEBUG nextflow.processor.TaskProcessor - Creating process 'RECOMBINATION_AWARE_SNPS:MASH_DIST': maxForks=4; fair=false; array=0
Sep-08 08:48:19.694 [main] DEBUG nextflow.script.ProcessConfig - Config settings `withLabel:process_low` matches labels `process_low` for process with name RECOMBINATION_AWARE_SNPS:MASH_TAB_TO_MATRIX
Sep-08 08:48:19.697 [main] DEBUG nextflow.executor.ExecutorFactory - << taskConfig executor: local
Sep-08 08:48:19.698 [main] DEBUG nextflow.executor.ExecutorFactory - >> processorType: 'local'
Sep-08 08:48:19.698 [main] DEBUG nextflow.processor.TaskProcessor - Creating process 'RECOMBINATION_AWARE_SNPS:MASH_TAB_TO_MATRIX': maxForks=8; fair=false; array=0
Sep-08 08:48:19.703 [main] DEBUG nextflow.script.ProcessConfig - Config settings `withLabel:process_low` matches labels `process_low` for process with name RECOMBINATION_AWARE_SNPS:CLUSTER_GENOMES
Sep-08 08:48:19.704 [main] DEBUG nextflow.script.ProcessConfig - Config settings `withName:CLUSTER_GENOMES` matches process RECOMBINATION_AWARE_SNPS:CLUSTER_GENOMES
Sep-08 08:48:19.706 [main] DEBUG nextflow.executor.ExecutorFactory - << taskConfig executor: local
Sep-08 08:48:19.706 [main] DEBUG nextflow.executor.ExecutorFactory - >> processorType: 'local'
Sep-08 08:48:19.706 [main] DEBUG nextflow.processor.TaskProcessor - Creating process 'RECOMBINATION_AWARE_SNPS:CLUSTER_GENOMES': maxForks=8; fair=false; array=0
Sep-08 08:48:19.727 [main] INFO  nextflow.Nextflow - STEP 2: Creating per-cluster whole genome alignments
Sep-08 08:48:19.731 [main] DEBUG nextflow.script.ProcessConfig - Config settings `withLabel:process_low` matches labels `process_low` for process with name RECOMBINATION_AWARE_SNPS:SELECT_CLUSTER_REPRESENTATIVE
Sep-08 08:48:19.733 [main] DEBUG nextflow.executor.ExecutorFactory - << taskConfig executor: local
Sep-08 08:48:19.733 [main] DEBUG nextflow.executor.ExecutorFactory - >> processorType: 'local'
Sep-08 08:48:19.734 [main] DEBUG nextflow.processor.TaskProcessor - Creating process 'RECOMBINATION_AWARE_SNPS:SELECT_CLUSTER_REPRESENTATIVE': maxForks=8; fair=false; array=0
Sep-08 08:48:19.741 [main] INFO  nextflow.Nextflow - Using Snippy for per-cluster whole genome alignment
Sep-08 08:48:19.745 [main] DEBUG nextflow.script.ProcessConfig - Config settings `withLabel:process_high` matches labels `process_high` for process with name RECOMBINATION_AWARE_SNPS:SNIPPY_ALIGN
Sep-08 08:48:19.748 [main] DEBUG nextflow.executor.ExecutorFactory - << taskConfig executor: local
Sep-08 08:48:19.748 [main] DEBUG nextflow.executor.ExecutorFactory - >> processorType: 'local'
Sep-08 08:48:19.749 [main] DEBUG nextflow.processor.TaskProcessor - Creating process 'RECOMBINATION_AWARE_SNPS:SNIPPY_ALIGN': maxForks=2; fair=false; array=0
Sep-08 08:48:19.755 [main] DEBUG nextflow.script.ProcessConfig - Config settings `withLabel:process_low` matches labels `process_low` for process with name RECOMBINATION_AWARE_SNPS:KEEP_INVARIANT_ATCG
Sep-08 08:48:19.756 [main] DEBUG nextflow.executor.ExecutorFactory - << taskConfig executor: local
Sep-08 08:48:19.756 [main] DEBUG nextflow.executor.ExecutorFactory - >> processorType: 'local'
Sep-08 08:48:19.757 [main] DEBUG nextflow.processor.TaskProcessor - Creating process 'RECOMBINATION_AWARE_SNPS:KEEP_INVARIANT_ATCG': maxForks=8; fair=false; array=0
Sep-08 08:48:19.760 [main] INFO  nextflow.Nextflow - STEP 3: Running Gubbins for recombination detection
Sep-08 08:48:19.766 [main] DEBUG nextflow.script.ProcessConfig - Config settings `withLabel:process_medium` matches labels `process_medium` for process with name RECOMBINATION_AWARE_SNPS:IQTREE_FAST
Sep-08 08:48:19.767 [main] DEBUG nextflow.script.ProcessConfig - Config settings `withName:IQTREE_FAST` matches process RECOMBINATION_AWARE_SNPS:IQTREE_FAST
Sep-08 08:48:19.768 [main] DEBUG nextflow.executor.ExecutorFactory - << taskConfig executor: local
Sep-08 08:48:19.768 [main] DEBUG nextflow.executor.ExecutorFactory - >> processorType: 'local'
Sep-08 08:48:19.769 [main] DEBUG nextflow.processor.TaskProcessor - Creating process 'RECOMBINATION_AWARE_SNPS:IQTREE_FAST': maxForks=4; fair=false; array=0
Sep-08 08:48:19.779 [main] DEBUG nextflow.script.ProcessConfig - Config settings `withLabel:process_high` matches labels `process_high` for process with name RECOMBINATION_AWARE_SNPS:GUBBINS_CLUSTER
Sep-08 08:48:19.781 [main] DEBUG nextflow.executor.ExecutorFactory - << taskConfig executor: local
Sep-08 08:48:19.782 [main] DEBUG nextflow.executor.ExecutorFactory - >> processorType: 'local'
Sep-08 08:48:19.782 [main] DEBUG nextflow.processor.TaskProcessor - Creating process 'RECOMBINATION_AWARE_SNPS:GUBBINS_CLUSTER': maxForks=2; fair=false; array=0
Sep-08 08:48:19.785 [main] INFO  nextflow.Nextflow - STEP 4: Building per-cluster final ML trees with ASC correction
Sep-08 08:48:19.792 [main] DEBUG nextflow.script.ProcessConfig - Config settings `withLabel:process_high` matches labels `process_high` for process with name RECOMBINATION_AWARE_SNPS:IQTREE_ASC
Sep-08 08:48:19.794 [main] DEBUG nextflow.executor.ExecutorFactory - << taskConfig executor: local
Sep-08 08:48:19.794 [main] DEBUG nextflow.executor.ExecutorFactory - >> processorType: 'local'
Sep-08 08:48:19.795 [main] DEBUG nextflow.processor.TaskProcessor - Creating process 'RECOMBINATION_AWARE_SNPS:IQTREE_ASC': maxForks=2; fair=false; array=0
Sep-08 08:48:19.798 [main] INFO  nextflow.Nextflow - STEP 5: Collecting cluster representatives
Sep-08 08:48:19.802 [main] DEBUG nextflow.script.ProcessConfig - Config settings `withLabel:process_low` matches labels `process_low` for process with name RECOMBINATION_AWARE_SNPS:COLLECT_REPRESENTATIVES
Sep-08 08:48:19.803 [main] DEBUG nextflow.executor.ExecutorFactory - << taskConfig executor: local
Sep-08 08:48:19.803 [main] DEBUG nextflow.executor.ExecutorFactory - >> processorType: 'local'
Sep-08 08:48:19.805 [main] DEBUG nextflow.processor.TaskProcessor - Creating process 'RECOMBINATION_AWARE_SNPS:COLLECT_REPRESENTATIVES': maxForks=8; fair=false; array=0
Sep-08 08:48:19.808 [main] INFO  nextflow.Nextflow - STEP 6: Building backbone tree from representatives
Sep-08 08:48:19.810 [main] DEBUG nextflow.script.ProcessConfig - Config settings `withLabel:process_high` matches labels `process_high` for process with name RECOMBINATION_AWARE_SNPS:BUILD_BACKBONE_TREE
Sep-08 08:48:19.812 [main] DEBUG nextflow.executor.ExecutorFactory - << taskConfig executor: local
Sep-08 08:48:19.812 [main] DEBUG nextflow.executor.ExecutorFactory - >> processorType: 'local'
Sep-08 08:48:19.812 [main] DEBUG nextflow.processor.TaskProcessor - Creating process 'RECOMBINATION_AWARE_SNPS:BUILD_BACKBONE_TREE': maxForks=2; fair=false; array=0
Sep-08 08:48:19.816 [main] INFO  nextflow.Nextflow - STEP 7: Integrating core SNPs from all clusters
Sep-08 08:48:19.821 [main] DEBUG nextflow.script.ProcessConfig - Config settings `withLabel:process_low` matches labels `process_low` for process with name RECOMBINATION_AWARE_SNPS:INTEGRATE_CORE_SNPS
Sep-08 08:48:19.823 [main] DEBUG nextflow.executor.ExecutorFactory - << taskConfig executor: local
Sep-08 08:48:19.823 [main] DEBUG nextflow.executor.ExecutorFactory - >> processorType: 'local'
Sep-08 08:48:19.823 [main] DEBUG nextflow.processor.TaskProcessor - Creating process 'RECOMBINATION_AWARE_SNPS:INTEGRATE_CORE_SNPS': maxForks=8; fair=false; array=0
Sep-08 08:48:19.828 [main] INFO  nextflow.Nextflow - STEP 8: UShER-based phylogenetic placement
Sep-08 08:48:19.833 [main] DEBUG nextflow.script.ProcessConfig - Config settings `withLabel:process_medium` matches labels `process_medium` for process with name RECOMBINATION_AWARE_SNPS:PLACE_WITH_USHER
Sep-08 08:48:19.835 [main] DEBUG nextflow.executor.ExecutorFactory - << taskConfig executor: local
Sep-08 08:48:19.835 [main] DEBUG nextflow.executor.ExecutorFactory - >> processorType: 'local'
Sep-08 08:48:19.837 [main] DEBUG nextflow.processor.TaskProcessor - Creating process 'RECOMBINATION_AWARE_SNPS:PLACE_WITH_USHER': maxForks=4; fair=false; array=0
Sep-08 08:48:19.859 [main] DEBUG nextflow.Session - Workflow process names [dsl2]: INFILE_HANDLING_UNIX, IQTREE_FAST, MASH_SKETCH, SNP_SITES, PLACE_WITH_USHER, CONVERT_GINGR_TO_FASTA_HARVESTTOOLS, MASK_RECOMBINANT_POSITIONS_BIOPYTHON, BUILD_INTEGRATED_TREE, CORE_GENOME_ALIGNMENT_PARSNP, RECOMBINATION_AWARE_SNPS:MASH_DIST, RECOMBINATION_AWARE_SNPS:INTEGRATE_CORE_SNPS, MASH_DIST, RECOMBINATION_AWARE_SNPS:BUILD_BACKBONE_TREE, RECOMBINATION_AWARE_SNPS:SNIPPY_ALIGN, INTEGRATE_CORE_SNPS, SNIPPY_ALIGN, IQTREE_ASC, USHER_PLACE, EXTRACT_CORE_SNPS, CALCULATE_PAIRWISE_DISTANCES_SNP_DISTS, RECOMBINATION_AWARE_SNPS:IQTREE_ASC, GRAFT_TREES, RECOMBINATION_GUBBINS, RECOMBINATION_AWARE_SNPS:GUBBINS_CLUSTER, RECOMBINATION_AWARE_SNPS:MASH_TAB_TO_MATRIX, BUILD_PHYLOGENETIC_TREE_PARSNP, RECOMBINATION_CLONALFRAMEML, RECOMBINATION_AWARE_SNPS:COLLECT_REPRESENTATIVES, MASH_TAB_TO_MATRIX, GUBBINS_CLUSTER, RECOMBINATION_AWARE_SNPS:MASH_SKETCH, RECOMBINATION_AWARE_SNPS:IQTREE_FAST, CREATE_SNP_DISTANCE_MATRIX_SNP_DISTS, RECOMBINATION_AWARE_SNPS:INFILE_HANDLING_UNIX, RECOMBINATION_AWARE_SNPS:KEEP_INVARIANT_ATCG, BUILD_BACKBONE_TREE, SELECT_CLUSTER_REPRESENTATIVE, RECOMBINATION_AWARE_SNPS:CLUSTER_GENOMES, REF_INFILE_HANDLING_UNIX, CONVERT_TSV_TO_EXCEL_PYTHON, CREATE_FINAL_SUMMARY, KEEP_INVARIANT_ATCG, COLLECT_REPRESENTATIVES, CLUSTER_GENOMES, CONVERT_SAMPLESHEET_PYTHON, CREATE_EXCEL_RUN_SUMMARY_PYTHON, USHER_BUILD, CREATE_MASKED_SNP_DISTANCE_MATRIX_SNP_DISTS, RECOMBINATION_AWARE_SNPS:SELECT_CLUSTER_REPRESENTATIVE, RECOMBINATION_AWARE_SNPS:PLACE_WITH_USHER, SKA_ALIGN
Sep-08 08:48:19.875 [main] WARN  nextflow.Session - There's no process matching config selector: SKA_BUILD -- Did you mean: USHER_BUILD?
Sep-08 08:48:19.877 [main] WARN  nextflow.Session - There's no process matching config selector: GUBBINS_CLUSTER_DIAGNOSTIC
Sep-08 08:48:19.877 [main] WARN  nextflow.Session - There's no process matching config selector: GPU_ACCELERATED
Sep-08 08:48:19.879 [main] DEBUG nextflow.Session - Igniting dataflow network (22)
Sep-08 08:48:19.883 [PathVisitor-1] DEBUG nextflow.file.PathVisitor - files for syntax: glob; folder: /home/phemarajata/Downloads/bp_finalset/; pattern: **.{fasta,fas,fna,fsa,fa}{,.gz}; options: [checkIfExists:true]
Sep-08 08:48:19.883 [main] DEBUG nextflow.processor.TaskProcessor - Starting process > RECOMBINATION_AWARE_SNPS:INFILE_HANDLING_UNIX
Sep-08 08:48:19.884 [main] DEBUG nextflow.processor.TaskProcessor - Starting process > RECOMBINATION_AWARE_SNPS:MASH_SKETCH
Sep-08 08:48:19.884 [main] DEBUG nextflow.processor.TaskProcessor - Starting process > RECOMBINATION_AWARE_SNPS:MASH_DIST
Sep-08 08:48:19.884 [main] DEBUG nextflow.processor.TaskProcessor - Starting process > RECOMBINATION_AWARE_SNPS:MASH_TAB_TO_MATRIX
Sep-08 08:48:19.884 [main] DEBUG nextflow.processor.TaskProcessor - Starting process > RECOMBINATION_AWARE_SNPS:CLUSTER_GENOMES
Sep-08 08:48:19.884 [main] DEBUG nextflow.processor.TaskProcessor - Starting process > RECOMBINATION_AWARE_SNPS:SELECT_CLUSTER_REPRESENTATIVE
Sep-08 08:48:19.884 [main] DEBUG nextflow.processor.TaskProcessor - Starting process > RECOMBINATION_AWARE_SNPS:SNIPPY_ALIGN
Sep-08 08:48:19.884 [main] DEBUG nextflow.processor.TaskProcessor - Starting process > RECOMBINATION_AWARE_SNPS:KEEP_INVARIANT_ATCG
Sep-08 08:48:19.884 [main] DEBUG nextflow.processor.TaskProcessor - Starting process > RECOMBINATION_AWARE_SNPS:IQTREE_FAST
Sep-08 08:48:19.884 [main] DEBUG nextflow.processor.TaskProcessor - Starting process > RECOMBINATION_AWARE_SNPS:GUBBINS_CLUSTER
Sep-08 08:48:19.884 [main] DEBUG nextflow.processor.TaskProcessor - Starting process > RECOMBINATION_AWARE_SNPS:IQTREE_ASC
Sep-08 08:48:19.884 [main] DEBUG nextflow.processor.TaskProcessor - Starting process > RECOMBINATION_AWARE_SNPS:COLLECT_REPRESENTATIVES
Sep-08 08:48:19.884 [main] DEBUG nextflow.processor.TaskProcessor - Starting process > RECOMBINATION_AWARE_SNPS:BUILD_BACKBONE_TREE
Sep-08 08:48:19.884 [main] DEBUG nextflow.processor.TaskProcessor - Starting process > RECOMBINATION_AWARE_SNPS:INTEGRATE_CORE_SNPS
Sep-08 08:48:19.884 [main] DEBUG nextflow.processor.TaskProcessor - Starting process > RECOMBINATION_AWARE_SNPS:PLACE_WITH_USHER
Sep-08 08:48:19.886 [main] DEBUG nextflow.script.ScriptRunner - Parsed script files:
  Script_19036535c7b0b78f: /home/phemarajata/wf-assembly-snps-mod-usher/main.nf
  Script_63f708e10498b63f: /home/phemarajata/wf-assembly-snps-mod-usher/modules/local/mash_dist/main.nf
  Script_bc7edcc6ce7b8d7b: /home/phemarajata/wf-assembly-snps-mod-usher/modules/local/gubbins_cluster/main.nf
  Script_22f775fce136207e: /home/phemarajata/wf-assembly-snps-mod-usher/modules/local/convert_samplesheet_python/main.nf
  Script_287dd56516c46641: /home/phemarajata/wf-assembly-snps-mod-usher/modules/local/convert_tsv_to_excel_python/main.nf
  Script_609162fa6e83f6c1: /home/phemarajata/wf-assembly-snps-mod-usher/modules/local/graft_trees/main.nf
  Script_fd7d0ad8314d8598: /home/phemarajata/wf-assembly-snps-mod-usher/modules/local/iqtree_asc/main.nf
  Script_8004ba9733cd8e75: /home/phemarajata/wf-assembly-snps-mod-usher/modules/local/mash_sketch/main.nf
  Script_391d0748fead67b2: /home/phemarajata/wf-assembly-snps-mod-usher/modules/local/mask_recombinant_positions_biopython/main.nf
  Script_57b593f098c8e886: /home/phemarajata/wf-assembly-snps-mod-usher/modules/local/snippy_align/main.nf
  Script_faa30f31d909f9e6: /home/phemarajata/wf-assembly-snps-mod-usher/modules/local/snp_sites/main.nf
  Script_bdfe511ac4c90ab8: /home/phemarajata/wf-assembly-snps-mod-usher/subworkflows/local/recombination.nf
  Script_92a8fd2e65506f13: /home/phemarajata/wf-assembly-snps-mod-usher/modules/local/create_excel_run_summary_python/main.nf
  Script_105476c812f11ac1: /home/phemarajata/wf-assembly-snps-mod-usher/modules/local/calculate_pairwise_distances_snp_dists/main.nf
  Script_09325df5bb878b1b: /home/phemarajata/wf-assembly-snps-mod-usher/modules/local/usher_place/main.nf
  Script_9fb0efb2706f8a7e: /home/phemarajata/wf-assembly-snps-mod-usher/modules/local/convert_gingr_to_fasta_harvesttools/main.nf
  Script_45d6f9715a961734: /home/phemarajata/wf-assembly-snps-mod-usher/modules/local/core_genome_alignment_parsnp/main.nf
  Script_615e32892d1eb8f9: /home/phemarajata/wf-assembly-snps-mod-usher/modules/local/recombination_gubbins/main.nf
  Script_8ca59baef4465cd0: /home/phemarajata/wf-assembly-snps-mod-usher/subworkflows/local/integrate_results.nf
  Script_8f3222acc5105b8e: /home/phemarajata/wf-assembly-snps-mod-usher/subworkflows/local/clustering.nf
  Script_0d0e746d1c5d0fe0: /home/phemarajata/wf-assembly-snps-mod-usher/modules/local/build_integrated_tree/main.nf
  Script_53b40eb3093c3510: /home/phemarajata/wf-assembly-snps-mod-usher/subworkflows/local/input_check.nf
  Script_b6f0a366b4bc275c: /home/phemarajata/wf-assembly-snps-mod-usher/modules/local/build_backbone_tree/main.nf
  Script_facd113f309934bc: /home/phemarajata/wf-assembly-snps-mod-usher/modules/local/place_with_usher/main.nf
  Script_622e6250fb129d0f: /home/phemarajata/wf-assembly-snps-mod-usher/modules/local/extract_core_snps/main.nf
  Script_1dd23afb5d9f9306: /home/phemarajata/wf-assembly-snps-mod-usher/modules/local/mash_tab_to_matrix/main.nf
  Script_87b063907c31a23c: /home/phemarajata/wf-assembly-snps-mod-usher/modules/local/create_masked_snp_distance_matrix_snp_dists/main.nf
  Script_6f90e0c9552f62ee: /home/phemarajata/wf-assembly-snps-mod-usher/modules/local/create_final_summary/main.nf
  Script_cf5642d119c06631: /home/phemarajata/wf-assembly-snps-mod-usher/modules/local/integrate_core_snps/main.nf
  Script_fe55b01af8eba401: /home/phemarajata/wf-assembly-snps-mod-usher/modules/local/iqtree_fast/main.nf
  Script_83ac1f1b446c59ef: /home/phemarajata/wf-assembly-snps-mod-usher/workflows/assembly_snps_scalable.nf
  Script_8a0000ca66a93fdf: /home/phemarajata/wf-assembly-snps-mod-usher/modules/local/collect_representatives/main.nf
  Script_de288e3cacef9e9c: /home/phemarajata/wf-assembly-snps-mod-usher/modules/local/ska_align/main.nf
  Script_b86bc69fb8228a3e: /home/phemarajata/wf-assembly-snps-mod-usher/modules/local/recombination_clonalframeml/main.nf
  Script_f7d9436793bb6855: /home/phemarajata/wf-assembly-snps-mod-usher/modules/local/keep_invariant_atcg/main.nf
  Script_1573f99556b53885: /home/phemarajata/wf-assembly-snps-mod-usher/modules/local/usher_build/main.nf
  Script_5c5c47609ece951f: /home/phemarajata/wf-assembly-snps-mod-usher/modules/local/select_cluster_representative/main.nf
  Script_97be43049bb1727f: /home/phemarajata/wf-assembly-snps-mod-usher/modules/local/infile_handling_unix/main.nf
  Script_4fa35410fba01909: /home/phemarajata/wf-assembly-snps-mod-usher/subworkflows/local/usher_placement.nf
  Script_adf9864f69944ac9: /home/phemarajata/wf-assembly-snps-mod-usher/modules/local/create_snp_distance_matrix_snp_dists/main.nf
  Script_b9a8840dc1c7d981: /home/phemarajata/wf-assembly-snps-mod-usher/modules/local/cluster_genomes/main.nf
  Script_c0148eb8abab6235: /home/phemarajata/wf-assembly-snps-mod-usher/modules/local/build_phylogenetic_tree_parsnp/main.nf
  Script_cf1907f7a901597f: /home/phemarajata/wf-assembly-snps-mod-usher/workflows/assembly_snps.nf
  Script_91dfd8ea3482e198: /home/phemarajata/wf-assembly-snps-mod-usher/workflows/recombination_aware_snps.nf
Sep-08 08:48:19.886 [main] DEBUG nextflow.script.ScriptRunner - > Awaiting termination 
Sep-08 08:48:19.886 [main] DEBUG nextflow.Session - Session await
Sep-08 08:48:20.145 [Actor Thread 1] INFO  nextflow.processor.TaskProcessor - [1e/8d7409] Cached process > RECOMBINATION_AWARE_SNPS:INFILE_HANDLING_UNIX (ERS012330)
Sep-08 08:48:20.145 [Actor Thread 21] INFO  nextflow.processor.TaskProcessor - [d6/e0b173] Cached process > RECOMBINATION_AWARE_SNPS:INFILE_HANDLING_UNIX (GCA_963570575_1)
Sep-08 08:48:20.145 [Actor Thread 19] INFO  nextflow.processor.TaskProcessor - [2d/4e70b6] Cached process > RECOMBINATION_AWARE_SNPS:INFILE_HANDLING_UNIX (GCA_963560675_1)
Sep-08 08:48:20.145 [Actor Thread 15] INFO  nextflow.processor.TaskProcessor - [64/a763b0] Cached process > RECOMBINATION_AWARE_SNPS:INFILE_HANDLING_UNIX (IE-0021)
Sep-08 08:48:20.145 [Actor Thread 4] INFO  nextflow.processor.TaskProcessor - [2f/e30279] Cached process > RECOMBINATION_AWARE_SNPS:INFILE_HANDLING_UNIX (IP-0182)
Sep-08 08:48:20.145 [Actor Thread 10] INFO  nextflow.processor.TaskProcessor - [61/36e8c0] Cached process > RECOMBINATION_AWARE_SNPS:INFILE_HANDLING_UNIX (IP-0201)
Sep-08 08:48:20.145 [Actor Thread 8] INFO  nextflow.processor.TaskProcessor - [07/d7146b] Cached process > RECOMBINATION_AWARE_SNPS:INFILE_HANDLING_UNIX (IE-0005)
Sep-08 08:48:20.146 [Actor Thread 3] INFO  nextflow.processor.TaskProcessor - [ac/f033f1] Cached process > RECOMBINATION_AWARE_SNPS:INFILE_HANDLING_UNIX (GCA_963568885_1)
Sep-08 08:48:20.146 [Actor Thread 11] INFO  nextflow.processor.TaskProcessor - [fc/a19e0a] Cached process > RECOMBINATION_AWARE_SNPS:INFILE_HANDLING_UNIX (GCF_002110985_1_USA_Puerto_Rico)
Sep-08 08:48:20.145 [Actor Thread 14] INFO  nextflow.processor.TaskProcessor - [49/82ac49] Cached process > RECOMBINATION_AWARE_SNPS:INFILE_HANDLING_UNIX (GCF_002110925_1_USA_Texas)
Sep-08 08:48:20.146 [Actor Thread 22] INFO  nextflow.processor.TaskProcessor - [6a/6a22ef] Cached process > RECOMBINATION_AWARE_SNPS:INFILE_HANDLING_UNIX (ERS012303)
Sep-08 08:48:20.146 [Actor Thread 17] INFO  nextflow.processor.TaskProcessor - [ef/4cd93f] Cached process > RECOMBINATION_AWARE_SNPS:INFILE_HANDLING_UNIX (IE-0003)
Sep-08 08:48:20.146 [Actor Thread 9] INFO  nextflow.processor.TaskProcessor - [a2/ce6e08] Cached process > RECOMBINATION_AWARE_SNPS:INFILE_HANDLING_UNIX (GCA_963561975_1)
Sep-08 08:48:20.146 [Actor Thread 2] INFO  nextflow.processor.TaskProcessor - [94/690fc5] Cached process > RECOMBINATION_AWARE_SNPS:INFILE_HANDLING_UNIX (GCF_014712955_1_Laos)
Sep-08 08:48:20.146 [Actor Thread 5] INFO  nextflow.processor.TaskProcessor - [40/b1ba15] Cached process > RECOMBINATION_AWARE_SNPS:INFILE_HANDLING_UNIX (GCA_963563475_1)
Sep-08 08:48:20.145 [Actor Thread 23] INFO  nextflow.processor.TaskProcessor - [b9/4ff965] Cached process > RECOMBINATION_AWARE_SNPS:INFILE_HANDLING_UNIX (GCA_963565015_1)
Sep-08 08:48:20.145 [Actor Thread 20] INFO  nextflow.processor.TaskProcessor - [cf/a5f7e4] Cached process > RECOMBINATION_AWARE_SNPS:INFILE_HANDLING_UNIX (GCF_025847905_1_Viet_Nam)
Sep-08 08:48:20.145 [Actor Thread 18] INFO  nextflow.processor.TaskProcessor - [cc/470684] Cached process > RECOMBINATION_AWARE_SNPS:INFILE_HANDLING_UNIX (IP-0016)
Sep-08 08:48:20.146 [Actor Thread 6] INFO  nextflow.processor.TaskProcessor - [29/bcc556] Cached process > RECOMBINATION_AWARE_SNPS:INFILE_HANDLING_UNIX (IP-0012)
Sep-08 08:48:20.146 [Actor Thread 25] INFO  nextflow.processor.TaskProcessor - [d4/76173a] Cached process > RECOMBINATION_AWARE_SNPS:INFILE_HANDLING_UNIX (GCA_963569365_1)
Sep-08 08:48:20.146 [Actor Thread 12] INFO  nextflow.processor.TaskProcessor - [ae/9c1cc4] Cached process > RECOMBINATION_AWARE_SNPS:INFILE_HANDLING_UNIX (GCA_963568705_1)
Sep-08 08:48:20.145 [Actor Thread 24] INFO  nextflow.processor.TaskProcessor - [43/aee7e6] Cached process > RECOMBINATION_AWARE_SNPS:INFILE_HANDLING_UNIX (IP-0051)
Sep-08 08:48:20.196 [Actor Thread 1] DEBUG nextflow.util.ThreadPoolBuilder - Creating thread pool 'PublishDir' minSize=10; maxSize=66; workQueue=LinkedBlockingQueue[-1]; allowCoreThreadTimeout=false
Sep-08 08:48:20.215 [Actor Thread 32] INFO  nextflow.processor.TaskProcessor - [af/d06077] Cached process > RECOMBINATION_AWARE_SNPS:MASH_SKETCH (GCA_963570575_1)
Sep-08 08:48:20.216 [Actor Thread 42] INFO  nextflow.processor.TaskProcessor - [04/493645] Cached process > RECOMBINATION_AWARE_SNPS:MASH_SKETCH (IP-0051)
Sep-08 08:48:20.218 [Actor Thread 39] INFO  nextflow.processor.TaskProcessor - [7f/89396a] Cached process > RECOMBINATION_AWARE_SNPS:MASH_SKETCH (IE-0021)
Sep-08 08:48:20.221 [Actor Thread 38] INFO  nextflow.processor.TaskProcessor - [dd/95b4e9] Cached process > RECOMBINATION_AWARE_SNPS:MASH_SKETCH (GCF_014712955_1_Laos)
Sep-08 08:48:20.222 [Actor Thread 31] INFO  nextflow.processor.TaskProcessor - [40/40c30c] Cached process > RECOMBINATION_AWARE_SNPS:MASH_SKETCH (GCF_002110925_1_USA_Texas)
Sep-08 08:48:20.221 [Actor Thread 43] INFO  nextflow.processor.TaskProcessor - [ac/4b264a] Cached process > RECOMBINATION_AWARE_SNPS:MASH_SKETCH (ERS012330)
Sep-08 08:48:20.223 [Actor Thread 37] INFO  nextflow.processor.TaskProcessor - [2d/8504d4] Cached process > RECOMBINATION_AWARE_SNPS:MASH_SKETCH (IE-0005)
Sep-08 08:48:20.224 [Actor Thread 33] INFO  nextflow.processor.TaskProcessor - [d8/0636b5] Cached process > RECOMBINATION_AWARE_SNPS:MASH_SKETCH (GCA_963565015_1)
Sep-08 08:48:20.225 [Actor Thread 9] INFO  nextflow.processor.TaskProcessor - [33/37f93e] Cached process > RECOMBINATION_AWARE_SNPS:INFILE_HANDLING_UNIX (IP-0022)
Sep-08 08:48:20.222 [Actor Thread 50] INFO  nextflow.processor.TaskProcessor - [1b/2e0cc5] Cached process > RECOMBINATION_AWARE_SNPS:MASH_SKETCH (IP-0201)
Sep-08 08:48:20.226 [Actor Thread 17] INFO  nextflow.processor.TaskProcessor - [d6/d1578e] Cached process > RECOMBINATION_AWARE_SNPS:INFILE_HANDLING_UNIX (IP-0043)
Sep-08 08:48:20.227 [Actor Thread 34] INFO  nextflow.processor.TaskProcessor - [4e/1c6b9c] Cached process > RECOMBINATION_AWARE_SNPS:MASH_SKETCH (GCF_025847905_1_Viet_Nam)
Sep-08 08:48:20.224 [Actor Thread 36] INFO  nextflow.processor.TaskProcessor - [ca/31182e] Cached process > RECOMBINATION_AWARE_SNPS:MASH_SKETCH (GCA_963569365_1)
Sep-08 08:48:20.229 [Actor Thread 1] INFO  nextflow.processor.TaskProcessor - [98/afc458] Cached process > RECOMBINATION_AWARE_SNPS:INFILE_HANDLING_UNIX (ERS012370)
Sep-08 08:48:20.232 [Actor Thread 27] INFO  nextflow.processor.TaskProcessor - [56/b184ca] Cached process > RECOMBINATION_AWARE_SNPS:MASH_SKETCH (GCA_963561975_1)
Sep-08 08:48:20.233 [Actor Thread 52] INFO  nextflow.processor.TaskProcessor - [fc/4b8116] Cached process > RECOMBINATION_AWARE_SNPS:MASH_SKETCH (IP-0182)
Sep-08 08:48:20.234 [Actor Thread 26] INFO  nextflow.processor.TaskProcessor - [b0/9aa519] Cached process > RECOMBINATION_AWARE_SNPS:MASH_SKETCH (GCF_002110985_1_USA_Puerto_Rico)
Sep-08 08:48:20.235 [Actor Thread 13] INFO  nextflow.processor.TaskProcessor - [b9/4e7225] Cached process > RECOMBINATION_AWARE_SNPS:MASH_SKETCH (GCA_963568705_1)
Sep-08 08:48:20.235 [Actor Thread 35] INFO  nextflow.processor.TaskProcessor - [05/90084a] Cached process > RECOMBINATION_AWARE_SNPS:MASH_SKETCH (IP-0016)
Sep-08 08:48:20.235 [Actor Thread 44] INFO  nextflow.processor.TaskProcessor - [f3/493e70] Cached process > RECOMBINATION_AWARE_SNPS:MASH_SKETCH (ERS012303)
Sep-08 08:48:20.238 [Actor Thread 18] INFO  nextflow.processor.TaskProcessor - [55/d0f3ee] Cached process > RECOMBINATION_AWARE_SNPS:INFILE_HANDLING_UNIX (GCA_963561435_1)
Sep-08 08:48:20.233 [Actor Thread 49] INFO  nextflow.processor.TaskProcessor - [86/55c2ec] Cached process > RECOMBINATION_AWARE_SNPS:MASH_SKETCH (IP-0012)
Sep-08 08:48:20.242 [Actor Thread 46] INFO  nextflow.processor.TaskProcessor - [0a/86f08e] Cached process > RECOMBINATION_AWARE_SNPS:MASH_SKETCH (GCA_963563475_1)
Sep-08 08:48:20.243 [Actor Thread 23] INFO  nextflow.processor.TaskProcessor - [e0/2805f9] Cached process > RECOMBINATION_AWARE_SNPS:INFILE_HANDLING_UNIX (IP-0142)
Sep-08 08:48:20.243 [Actor Thread 3] INFO  nextflow.processor.TaskProcessor - [ed/0e94e5] Cached process > RECOMBINATION_AWARE_SNPS:INFILE_HANDLING_UNIX (GCF_000773235_1_Australia)
Sep-08 08:48:20.243 [Actor Thread 19] INFO  nextflow.processor.TaskProcessor - [b7/e12b68] Cached process > RECOMBINATION_AWARE_SNPS:INFILE_HANDLING_UNIX (IE-0013)
Sep-08 08:48:20.243 [Actor Thread 15] INFO  nextflow.processor.TaskProcessor - [ee/9d6046] Cached process > RECOMBINATION_AWARE_SNPS:INFILE_HANDLING_UNIX (IP-0159)
Sep-08 08:48:20.245 [Actor Thread 20] INFO  nextflow.processor.TaskProcessor - [19/e6f264] Cached process > RECOMBINATION_AWARE_SNPS:INFILE_HANDLING_UNIX (ERS012365)
Sep-08 08:48:20.245 [Actor Thread 30] INFO  nextflow.processor.TaskProcessor - [b6/82b96b] Cached process > RECOMBINATION_AWARE_SNPS:MASH_SKETCH (IE-0003)
Sep-08 08:48:20.247 [Actor Thread 10] INFO  nextflow.processor.TaskProcessor - [42/154389] Cached process > RECOMBINATION_AWARE_SNPS:INFILE_HANDLING_UNIX (IP-0054)
Sep-08 08:48:20.247 [Actor Thread 9] INFO  nextflow.processor.TaskProcessor - [17/6280dc] Cached process > RECOMBINATION_AWARE_SNPS:INFILE_HANDLING_UNIX (ERS013343)
Sep-08 08:48:20.247 [Actor Thread 2] INFO  nextflow.processor.TaskProcessor - [11/4f51a4] Cached process > RECOMBINATION_AWARE_SNPS:INFILE_HANDLING_UNIX (GCF_009827035_1_Viet_Nam)
Sep-08 08:48:20.247 [Actor Thread 39] INFO  nextflow.processor.TaskProcessor - [c6/896213] Cached process > RECOMBINATION_AWARE_SNPS:MASH_SKETCH (ERS012370)
Sep-08 08:48:20.248 [Actor Thread 21] INFO  nextflow.processor.TaskProcessor - [22/2910ea] Cached process > RECOMBINATION_AWARE_SNPS:INFILE_HANDLING_UNIX (GCA_963571975_1)
Sep-08 08:48:20.250 [Actor Thread 25] INFO  nextflow.processor.TaskProcessor - [20/b36d09] Cached process > RECOMBINATION_AWARE_SNPS:INFILE_HANDLING_UNIX (IP-0156)
Sep-08 08:48:20.250 [Actor Thread 40] INFO  nextflow.processor.TaskProcessor - [42/8a8d35] Cached process > RECOMBINATION_AWARE_SNPS:INFILE_HANDLING_UNIX (GCA_963560915_1)
Sep-08 08:48:20.250 [Actor Thread 8] INFO  nextflow.processor.TaskProcessor - [2f/2c2110] Cached process > RECOMBINATION_AWARE_SNPS:INFILE_HANDLING_UNIX (IE-0006)
Sep-08 08:48:20.256 [Actor Thread 28] INFO  nextflow.processor.TaskProcessor - [ff/d2d91e] Cached process > RECOMBINATION_AWARE_SNPS:INFILE_HANDLING_UNIX (GCF_001207785_2_Malaysia)
Sep-08 08:48:20.256 [Actor Thread 45] INFO  nextflow.processor.TaskProcessor - [0b/4bc5ae] Cached process > RECOMBINATION_AWARE_SNPS:INFILE_HANDLING_UNIX (GCA_963570025_1)
Sep-08 08:48:20.257 [Actor Thread 48] INFO  nextflow.processor.TaskProcessor - [37/aec6a0] Cached process > RECOMBINATION_AWARE_SNPS:INFILE_HANDLING_UNIX (IP-0178)
Sep-08 08:48:20.258 [Actor Thread 53] INFO  nextflow.processor.TaskProcessor - [c6/16cb6e] Cached process > RECOMBINATION_AWARE_SNPS:MASH_SKETCH (GCA_963560675_1)
Sep-08 08:48:20.258 [Actor Thread 32] INFO  nextflow.processor.TaskProcessor - [cf/f1aa9e] Cached process > RECOMBINATION_AWARE_SNPS:INFILE_HANDLING_UNIX (ERS012363)
Sep-08 08:48:20.261 [Actor Thread 14] INFO  nextflow.processor.TaskProcessor - [72/e4dd96] Cached process > RECOMBINATION_AWARE_SNPS:INFILE_HANDLING_UNIX (ERS012358)
Sep-08 08:48:20.261 [Actor Thread 4] INFO  nextflow.processor.TaskProcessor - [a7/81e971] Cached process > RECOMBINATION_AWARE_SNPS:INFILE_HANDLING_UNIX (IP-0149)
Sep-08 08:48:20.261 [Actor Thread 41] INFO  nextflow.processor.TaskProcessor - [4b/b77e40] Cached process > RECOMBINATION_AWARE_SNPS:MASH_SKETCH (GCA_963568885_1)
Sep-08 08:48:20.262 [Actor Thread 22] INFO  nextflow.processor.TaskProcessor - [88/9f0d87] Cached process > RECOMBINATION_AWARE_SNPS:INFILE_HANDLING_UNIX (GCA_963562795_1)
Sep-08 08:48:20.262 [Actor Thread 47] INFO  nextflow.processor.TaskProcessor - [fa/2f42fe] Cached process > RECOMBINATION_AWARE_SNPS:MASH_SKETCH (IP-0022)
Sep-08 08:48:20.262 [Actor Thread 7] INFO  nextflow.processor.TaskProcessor - [28/faafca] Cached process > RECOMBINATION_AWARE_SNPS:MASH_SKETCH (IP-0043)
Sep-08 08:48:20.263 [Actor Thread 11] INFO  nextflow.processor.TaskProcessor - [32/d6c27c] Cached process > RECOMBINATION_AWARE_SNPS:INFILE_HANDLING_UNIX (GCA_963564375_1)
Sep-08 08:48:20.285 [Actor Thread 17] INFO  nextflow.processor.TaskProcessor - [e4/ac8b7d] Cached process > RECOMBINATION_AWARE_SNPS:MASH_SKETCH (IP-0156)
Sep-08 08:48:20.287 [Actor Thread 24] INFO  nextflow.processor.TaskProcessor - [4d/5171cd] Cached process > RECOMBINATION_AWARE_SNPS:MASH_SKETCH (GCA_963571975_1)
Sep-08 08:48:20.288 [Actor Thread 51] INFO  nextflow.processor.TaskProcessor - [eb/54a2c2] Cached process > RECOMBINATION_AWARE_SNPS:INFILE_HANDLING_UNIX (IP-0193)
Sep-08 08:48:20.289 [Actor Thread 44] INFO  nextflow.processor.TaskProcessor - [f5/beadcf] Cached process > RECOMBINATION_AWARE_SNPS:MASH_SKETCH (GCA_963560915_1)
Sep-08 08:48:20.290 [Actor Thread 35] INFO  nextflow.processor.TaskProcessor - [52/89b463] Cached process > RECOMBINATION_AWARE_SNPS:MASH_SKETCH (GCF_001207785_2_Malaysia)
Sep-08 08:48:20.292 [Actor Thread 36] INFO  nextflow.processor.TaskProcessor - [ac/da395e] Cached process > RECOMBINATION_AWARE_SNPS:INFILE_HANDLING_UNIX (ERS012313)
Sep-08 08:48:20.292 [Actor Thread 46] INFO  nextflow.processor.TaskProcessor - [7d/75b3f1] Cached process > RECOMBINATION_AWARE_SNPS:MASH_SKETCH (IP-0054)
Sep-08 08:48:20.292 [Actor Thread 2] INFO  nextflow.processor.TaskProcessor - [b8/bba966] Cached process > RECOMBINATION_AWARE_SNPS:MASH_SKETCH (GCF_009827035_1_Viet_Nam)
Sep-08 08:48:20.293 [Actor Thread 34] INFO  nextflow.processor.TaskProcessor - [79/6fb86c] Cached process > RECOMBINATION_AWARE_SNPS:MASH_SKETCH (IE-0006)
Sep-08 08:48:20.296 [Actor Thread 38] INFO  nextflow.processor.TaskProcessor - [a9/f952a5] Cached process > RECOMBINATION_AWARE_SNPS:INFILE_HANDLING_UNIX (IP-0164)
Sep-08 08:48:20.297 [Actor Thread 25] INFO  nextflow.processor.TaskProcessor - [07/96ec5e] Cached process > RECOMBINATION_AWARE_SNPS:INFILE_HANDLING_UNIX (IP-0028)
Sep-08 08:48:20.299 [Actor Thread 10] INFO  nextflow.processor.TaskProcessor - [38/76e569] Cached process > RECOMBINATION_AWARE_SNPS:INFILE_HANDLING_UNIX (ERS013348)
Sep-08 08:48:20.300 [Actor Thread 39] INFO  nextflow.processor.TaskProcessor - [fb/d83b49] Cached process > RECOMBINATION_AWARE_SNPS:INFILE_HANDLING_UNIX (GCA_963571055_1)
Sep-08 08:48:20.300 [Actor Thread 33] INFO  nextflow.processor.TaskProcessor - [1d/6654b0] Cached process > RECOMBINATION_AWARE_SNPS:INFILE_HANDLING_UNIX (GCF_000774495_1_Australia)
Sep-08 08:48:20.302 [Actor Thread 21] INFO  nextflow.processor.TaskProcessor - [eb/ca4c0f] Cached process > RECOMBINATION_AWARE_SNPS:INFILE_HANDLING_UNIX (SRR12527885_contigs)
Sep-08 08:48:20.303 [Actor Thread 52] INFO  nextflow.processor.TaskProcessor - [bd/eff7de] Cached process > RECOMBINATION_AWARE_SNPS:INFILE_HANDLING_UNIX (IP-0144)
Sep-08 08:48:20.303 [Actor Thread 40] INFO  nextflow.processor.TaskProcessor - [90/f3920d] Cached process > RECOMBINATION_AWARE_SNPS:MASH_SKETCH (ERS012365)
Sep-08 08:48:20.322 [Actor Thread 34] INFO  nextflow.processor.TaskProcessor - [57/813f9c] Cached process > RECOMBINATION_AWARE_SNPS:INFILE_HANDLING_UNIX (ERS012320)
Sep-08 08:48:20.324 [Actor Thread 35] INFO  nextflow.processor.TaskProcessor - [c2/43a34d] Cached process > RECOMBINATION_AWARE_SNPS:MASH_SKETCH (GCF_000774495_1_Australia)
Sep-08 08:48:20.326 [Actor Thread 39] INFO  nextflow.processor.TaskProcessor - [1b/b79a74] Cached process > RECOMBINATION_AWARE_SNPS:INFILE_HANDLING_UNIX (IP-0199)
Sep-08 08:48:20.326 [Actor Thread 7] INFO  nextflow.processor.TaskProcessor - [8d/c8ddb6] Cached process > RECOMBINATION_AWARE_SNPS:MASH_SKETCH (ERS012363)
Sep-08 08:48:20.327 [Actor Thread 20] INFO  nextflow.processor.TaskProcessor - [ba/1b640b] Cached process > RECOMBINATION_AWARE_SNPS:MASH_SKETCH (IE-0013)
Sep-08 08:48:20.328 [Actor Thread 27] INFO  nextflow.processor.TaskProcessor - [fa/9c9864] Cached process > RECOMBINATION_AWARE_SNPS:MASH_SKETCH (ERS012358)
Sep-08 08:48:20.329 [Actor Thread 8] INFO  nextflow.processor.TaskProcessor - [b0/2a8485] Cached process > RECOMBINATION_AWARE_SNPS:INFILE_HANDLING_UNIX (IP-0046)
Sep-08 08:48:20.330 [Actor Thread 47] INFO  nextflow.processor.TaskProcessor - [6d/022fce] Cached process > RECOMBINATION_AWARE_SNPS:MASH_SKETCH (GCA_963571055_1)
Sep-08 08:48:20.330 [Actor Thread 53] INFO  nextflow.processor.TaskProcessor - [ce/b246d7] Cached process > RECOMBINATION_AWARE_SNPS:MASH_SKETCH (GCA_963570025_1)
Sep-08 08:48:20.328 [Actor Thread 5] INFO  nextflow.processor.TaskProcessor - [a1/4ff641] Cached process > RECOMBINATION_AWARE_SNPS:MASH_SKETCH (IP-0149)
Sep-08 08:48:20.333 [Actor Thread 30] INFO  nextflow.processor.TaskProcessor - [e7/8328da] Cached process > RECOMBINATION_AWARE_SNPS:MASH_SKETCH (IP-0028)
Sep-08 08:48:20.338 [Actor Thread 44] INFO  nextflow.processor.TaskProcessor - [38/5247a0] Cached process > RECOMBINATION_AWARE_SNPS:MASH_SKETCH (ERS012320)
Sep-08 08:48:20.339 [Actor Thread 50] INFO  nextflow.processor.TaskProcessor - [85/e2c7c2] Cached process > RECOMBINATION_AWARE_SNPS:MASH_SKETCH (IP-0178)
Sep-08 08:48:20.339 [Actor Thread 12] INFO  nextflow.processor.TaskProcessor - [8b/a265a2] Cached process > RECOMBINATION_AWARE_SNPS:MASH_SKETCH (IP-0144)
Sep-08 08:48:20.340 [Actor Thread 49] INFO  nextflow.processor.TaskProcessor - [7f/00e004] Cached process > RECOMBINATION_AWARE_SNPS:INFILE_HANDLING_UNIX (IP-0041)
Sep-08 08:48:20.339 [Actor Thread 25] INFO  nextflow.processor.TaskProcessor - [72/7e7235] Cached process > RECOMBINATION_AWARE_SNPS:INFILE_HANDLING_UNIX (ERS013346)
Sep-08 08:48:20.340 [Actor Thread 1] INFO  nextflow.processor.TaskProcessor - [04/13182d] Cached process > RECOMBINATION_AWARE_SNPS:INFILE_HANDLING_UNIX (GCF_003268105_1_Viet_Nam)
Sep-08 08:48:20.341 [Actor Thread 48] INFO  nextflow.processor.TaskProcessor - [b1/f43136] Cached process > RECOMBINATION_AWARE_SNPS:INFILE_HANDLING_UNIX (GCA_963569685_1)
Sep-08 08:48:20.342 [Actor Thread 29] INFO  nextflow.processor.TaskProcessor - [95/602736] Cached process > RECOMBINATION_AWARE_SNPS:MASH_SKETCH (IP-0046)
Sep-08 08:48:20.342 [Actor Thread 46] INFO  nextflow.processor.TaskProcessor - [21/4b4865] Cached process > RECOMBINATION_AWARE_SNPS:MASH_SKETCH (GCA_963564375_1)
Sep-08 08:48:20.343 [Actor Thread 41] INFO  nextflow.processor.TaskProcessor - [ff/14e358] Cached process > RECOMBINATION_AWARE_SNPS:MASH_SKETCH (GCA_963562795_1)
Sep-08 08:48:20.343 [Actor Thread 45] INFO  nextflow.processor.TaskProcessor - [14/d638e2] Cached process > RECOMBINATION_AWARE_SNPS:INFILE_HANDLING_UNIX (IP-0047)
Sep-08 08:48:20.344 [Actor Thread 34] INFO  nextflow.processor.TaskProcessor - [48/cccd36] Cached process > RECOMBINATION_AWARE_SNPS:MASH_SKETCH (IP-0199)
Sep-08 08:48:20.342 [Actor Thread 17] INFO  nextflow.processor.TaskProcessor - [09/506014] Cached process > RECOMBINATION_AWARE_SNPS:MASH_SKETCH (ERS012313)
Sep-08 08:48:20.342 [Actor Thread 26] INFO  nextflow.processor.TaskProcessor - [c8/a218dd] Cached process > RECOMBINATION_AWARE_SNPS:MASH_SKETCH (IP-0193)
Sep-08 08:48:20.350 [Actor Thread 33] INFO  nextflow.processor.TaskProcessor - [24/9fce01] Cached process > RECOMBINATION_AWARE_SNPS:INFILE_HANDLING_UNIX (IP-0030)
Sep-08 08:48:20.350 [Actor Thread 31] INFO  nextflow.processor.TaskProcessor - [30/2b00fe] Cached process > RECOMBINATION_AWARE_SNPS:INFILE_HANDLING_UNIX (IE-0016)
Sep-08 08:48:20.354 [Actor Thread 52] INFO  nextflow.processor.TaskProcessor - [9a/5cf614] Cached process > RECOMBINATION_AWARE_SNPS:INFILE_HANDLING_UNIX (IE-0017)
Sep-08 08:48:20.357 [Actor Thread 48] INFO  nextflow.processor.TaskProcessor - [c6/adac7d] Cached process > RECOMBINATION_AWARE_SNPS:INFILE_HANDLING_UNIX (GCA_963562655_1)
Sep-08 08:48:20.358 [Actor Thread 51] INFO  nextflow.processor.TaskProcessor - [68/d410a6] Cached process > RECOMBINATION_AWARE_SNPS:INFILE_HANDLING_UNIX (GCA_963566855_1)
Sep-08 08:48:20.358 [Actor Thread 4] INFO  nextflow.processor.TaskProcessor - [3c/b36308] Cached process > RECOMBINATION_AWARE_SNPS:INFILE_HANDLING_UNIX (IP-0010)
Sep-08 08:48:20.358 [Actor Thread 11] INFO  nextflow.processor.TaskProcessor - [ab/6d6708] Cached process > RECOMBINATION_AWARE_SNPS:INFILE_HANDLING_UNIX (IP-0184)
Sep-08 08:48:20.365 [Actor Thread 19] INFO  nextflow.processor.TaskProcessor - [cf/9738ca] Cached process > RECOMBINATION_AWARE_SNPS:INFILE_HANDLING_UNIX (IP-0172)
Sep-08 08:48:20.367 [Actor Thread 15] INFO  nextflow.processor.TaskProcessor - [00/ec6838] Cached process > RECOMBINATION_AWARE_SNPS:INFILE_HANDLING_UNIX (IP-0024)
Sep-08 08:48:20.369 [Actor Thread 32] INFO  nextflow.processor.TaskProcessor - [44/fa7016] Cached process > RECOMBINATION_AWARE_SNPS:INFILE_HANDLING_UNIX (IP-0191)
Sep-08 08:48:20.370 [Actor Thread 5] INFO  nextflow.processor.TaskProcessor - [fc/56fb82] Cached process > RECOMBINATION_AWARE_SNPS:INFILE_HANDLING_UNIX (ERS012309)
Sep-08 08:48:20.371 [Actor Thread 42] INFO  nextflow.processor.TaskProcessor - [5c/f405d6] Cached process > RECOMBINATION_AWARE_SNPS:MASH_SKETCH (GCA_963569685_1)
Sep-08 08:48:20.384 [Actor Thread 40] INFO  nextflow.processor.TaskProcessor - [36/def27f] Cached process > RECOMBINATION_AWARE_SNPS:MASH_SKETCH (GCA_963561435_1)
Sep-08 08:48:20.388 [Actor Thread 14] INFO  nextflow.processor.TaskProcessor - [92/22baf1] Cached process > RECOMBINATION_AWARE_SNPS:INFILE_HANDLING_UNIX (IP-0035)
Sep-08 08:48:20.392 [Actor Thread 1] INFO  nextflow.processor.TaskProcessor - [3a/f333be] Cached process > RECOMBINATION_AWARE_SNPS:INFILE_HANDLING_UNIX (GCA_963561855_1)
Sep-08 08:48:20.393 [Actor Thread 35] INFO  nextflow.processor.TaskProcessor - [5f/5c1c9a] Cached process > RECOMBINATION_AWARE_SNPS:MASH_SKETCH (IP-0041)
Sep-08 08:48:20.393 [Actor Thread 20] INFO  nextflow.processor.TaskProcessor - [92/ab1e65] Cached process > RECOMBINATION_AWARE_SNPS:INFILE_HANDLING_UNIX (IP-0003)
Sep-08 08:48:20.394 [Actor Thread 30] INFO  nextflow.processor.TaskProcessor - [33/ea526f] Cached process > RECOMBINATION_AWARE_SNPS:MASH_SKETCH (GCF_000773235_1_Australia)
Sep-08 08:48:20.394 [Actor Thread 12] INFO  nextflow.processor.TaskProcessor - [d9/e61c01] Cached process > RECOMBINATION_AWARE_SNPS:MASH_SKETCH (IP-0172)
Sep-08 08:48:20.394 [Actor Thread 37] INFO  nextflow.processor.TaskProcessor - [2f/e1cdc6] Cached process > RECOMBINATION_AWARE_SNPS:MASH_SKETCH (IP-0184)
Sep-08 08:48:20.395 [Actor Thread 27] INFO  nextflow.processor.TaskProcessor - [d4/c854a1] Cached process > RECOMBINATION_AWARE_SNPS:MASH_SKETCH (ERS013348)
Sep-08 08:48:20.395 [Actor Thread 52] INFO  nextflow.processor.TaskProcessor - [1f/157c2a] Cached process > RECOMBINATION_AWARE_SNPS:MASH_SKETCH (IP-0010)
Sep-08 08:48:20.392 [Actor Thread 45] INFO  nextflow.processor.TaskProcessor - [47/b1a651] Cached process > RECOMBINATION_AWARE_SNPS:MASH_SKETCH (GCF_003268105_1_Viet_Nam)
Sep-08 08:48:20.392 [Actor Thread 8] INFO  nextflow.processor.TaskProcessor - [00/7c9c99] Cached process > RECOMBINATION_AWARE_SNPS:INFILE_HANDLING_UNIX (ERS013364)
Sep-08 08:48:20.396 [Actor Thread 32] INFO  nextflow.processor.TaskProcessor - [1c/bfe958] Cached process > RECOMBINATION_AWARE_SNPS:INFILE_HANDLING_UNIX (IP-0138)
Sep-08 08:48:20.396 [Actor Thread 5] INFO  nextflow.processor.TaskProcessor - [10/728fb0] Cached process > RECOMBINATION_AWARE_SNPS:INFILE_HANDLING_UNIX (IP-0038)
Sep-08 08:48:20.392 [Actor Thread 23] INFO  nextflow.processor.TaskProcessor - [e0/60e94f] Cached process > RECOMBINATION_AWARE_SNPS:MASH_SKETCH (IP-0191)
Sep-08 08:48:20.398 [Actor Thread 53] INFO  nextflow.processor.TaskProcessor - [53/be887a] Cached process > RECOMBINATION_AWARE_SNPS:MASH_SKETCH (SRR12527885_contigs)
Sep-08 08:48:20.398 [Actor Thread 59] INFO  nextflow.processor.TaskProcessor - [fa/e02959] Cached process > RECOMBINATION_AWARE_SNPS:MASH_SKETCH (IP-0024)
Sep-08 08:48:20.398 [Actor Thread 24] INFO  nextflow.processor.TaskProcessor - [59/0ea47b] Cached process > RECOMBINATION_AWARE_SNPS:INFILE_HANDLING_UNIX (ERS013352)
Sep-08 08:48:20.398 [Actor Thread 29] INFO  nextflow.processor.TaskProcessor - [80/2d5f49] Cached process > RECOMBINATION_AWARE_SNPS:MASH_SKETCH (ERS012309)
Sep-08 08:48:20.399 [Actor Thread 41] INFO  nextflow.processor.TaskProcessor - [14/18cfaf] Cached process > RECOMBINATION_AWARE_SNPS:MASH_SKETCH (IP-0047)
Sep-08 08:48:20.399 [Actor Thread 46] INFO  nextflow.processor.TaskProcessor - [af/32a0d5] Cached process > RECOMBINATION_AWARE_SNPS:MASH_SKETCH (IP-0142)
Sep-08 08:48:20.393 [Actor Thread 33] INFO  nextflow.processor.TaskProcessor - [09/dad110] Cached process > RECOMBINATION_AWARE_SNPS:INFILE_HANDLING_UNIX (GCF_014713085_1_Laos)
Sep-08 08:48:20.393 [Actor Thread 7] INFO  nextflow.processor.TaskProcessor - [d4/e139a6] Cached process > RECOMBINATION_AWARE_SNPS:INFILE_HANDLING_UNIX (GCA_963573095_1)
Sep-08 08:48:20.400 [Actor Thread 28] INFO  nextflow.processor.TaskProcessor - [4f/bac6b5] Cached process > RECOMBINATION_AWARE_SNPS:MASH_SKETCH (ERS013346)
Sep-08 08:48:20.400 [Actor Thread 54] INFO  nextflow.processor.TaskProcessor - [a5/7ce103] Cached process > RECOMBINATION_AWARE_SNPS:INFILE_HANDLING_UNIX (GCA_963565565_1)
Sep-08 08:48:20.400 [Actor Thread 48] INFO  nextflow.processor.TaskProcessor - [f2/357030] Cached process > RECOMBINATION_AWARE_SNPS:INFILE_HANDLING_UNIX (ERS012316)
Sep-08 08:48:20.401 [Actor Thread 9] INFO  nextflow.processor.TaskProcessor - [1c/21f595] Cached process > RECOMBINATION_AWARE_SNPS:MASH_SKETCH (ERS013343)
Sep-08 08:48:20.394 [Actor Thread 34] INFO  nextflow.processor.TaskProcessor - [1c/f47b1f] Cached process > RECOMBINATION_AWARE_SNPS:INFILE_HANDLING_UNIX (GCA_963566175_1)
Sep-08 08:48:20.398 [Actor Thread 13] INFO  nextflow.processor.TaskProcessor - [4a/8cdfa6] Cached process > RECOMBINATION_AWARE_SNPS:MASH_SKETCH (IP-0164)
Sep-08 08:48:20.399 [Actor Thread 2] INFO  nextflow.processor.TaskProcessor - [58/9a6660] Cached process > RECOMBINATION_AWARE_SNPS:MASH_SKETCH (IE-0017)
Sep-08 08:48:20.402 [Actor Thread 17] INFO  nextflow.processor.TaskProcessor - [e7/23e35f] Cached process > RECOMBINATION_AWARE_SNPS:MASH_SKETCH (IP-0030)
Sep-08 08:48:20.403 [Actor Thread 43] INFO  nextflow.processor.TaskProcessor - [d6/a768f6] Cached process > RECOMBINATION_AWARE_SNPS:INFILE_HANDLING_UNIX (GCF_002111145_1_USA_Arizona_ex_Costa_Rica)
Sep-08 08:48:20.403 [Actor Thread 15] INFO  nextflow.processor.TaskProcessor - [91/66edf2] Cached process > RECOMBINATION_AWARE_SNPS:INFILE_HANDLING_UNIX (GCA_963563635_1)
Sep-08 08:48:20.403 [Actor Thread 11] INFO  nextflow.processor.TaskProcessor - [41/0b5223] Cached process > RECOMBINATION_AWARE_SNPS:INFILE_HANDLING_UNIX (IP-0166)
Sep-08 08:48:20.403 [Actor Thread 49] INFO  nextflow.processor.TaskProcessor - [42/29d044] Cached process > RECOMBINATION_AWARE_SNPS:INFILE_HANDLING_UNIX (ERS012362)
Sep-08 08:48:20.404 [Actor Thread 47] INFO  nextflow.processor.TaskProcessor - [dc/282645] Cached process > RECOMBINATION_AWARE_SNPS:MASH_SKETCH (GCA_963562655_1)
Sep-08 08:48:20.405 [Actor Thread 21] INFO  nextflow.processor.TaskProcessor - [ad/683d7a] Cached process > RECOMBINATION_AWARE_SNPS:INFILE_HANDLING_UNIX (GCA_963561075_1)
Sep-08 08:48:20.406 [Actor Thread 38] INFO  nextflow.processor.TaskProcessor - [7e/22b2a2] Cached process > RECOMBINATION_AWARE_SNPS:INFILE_HANDLING_UNIX (IP-0146)
Sep-08 08:48:20.406 [Actor Thread 39] INFO  nextflow.processor.TaskProcessor - [62/a160ab] Cached process > RECOMBINATION_AWARE_SNPS:INFILE_HANDLING_UNIX (ERS013354)
Sep-08 08:48:20.406 [Actor Thread 22] INFO  nextflow.processor.TaskProcessor - [c5/42875b] Cached process > RECOMBINATION_AWARE_SNPS:INFILE_HANDLING_UNIX (IP-0176)
Sep-08 08:48:20.407 [Actor Thread 18] INFO  nextflow.processor.TaskProcessor - [a1/88912d] Cached process > RECOMBINATION_AWARE_SNPS:MASH_SKETCH (IP-0159)
Sep-08 08:48:20.408 [Actor Thread 50] INFO  nextflow.processor.TaskProcessor - [ce/8bd5ef] Cached process > RECOMBINATION_AWARE_SNPS:MASH_SKETCH (IE-0016)
Sep-08 08:48:20.410 [Actor Thread 40] INFO  nextflow.processor.TaskProcessor - [12/cb230d] Cached process > RECOMBINATION_AWARE_SNPS:MASH_SKETCH (GCA_963566855_1)
Sep-08 08:48:20.410 [Actor Thread 36] INFO  nextflow.processor.TaskProcessor - [3f/229755] Cached process > RECOMBINATION_AWARE_SNPS:INFILE_HANDLING_UNIX (IP-0020)
Sep-08 08:48:20.417 [Actor Thread 4] INFO  nextflow.processor.TaskProcessor - [ce/92754a] Cached process > RECOMBINATION_AWARE_SNPS:INFILE_HANDLING_UNIX (IP-0186)
Sep-08 08:48:20.422 [Actor Thread 10] INFO  nextflow.processor.TaskProcessor - [04/70af45] Cached process > RECOMBINATION_AWARE_SNPS:MASH_SKETCH (IP-0035)
Sep-08 08:48:20.424 [Actor Thread 12] INFO  nextflow.processor.TaskProcessor - [4d/650575] Cached process > RECOMBINATION_AWARE_SNPS:MASH_SKETCH (GCF_014713085_1_Laos)
Sep-08 08:48:20.424 [Actor Thread 25] INFO  nextflow.processor.TaskProcessor - [a8/d12144] Cached process > RECOMBINATION_AWARE_SNPS:MASH_SKETCH (ERS012316)
Sep-08 08:48:20.427 [Actor Thread 13] INFO  nextflow.processor.TaskProcessor - [44/99fc6e] Cached process > RECOMBINATION_AWARE_SNPS:MASH_SKETCH (GCA_963565565_1)
Sep-08 08:48:20.427 [Actor Thread 34] INFO  nextflow.processor.TaskProcessor - [49/8d6243] Cached process > RECOMBINATION_AWARE_SNPS:INFILE_HANDLING_UNIX (IP-0005)
Sep-08 08:48:20.427 [Actor Thread 3] INFO  nextflow.processor.TaskProcessor - [70/1ae7ff] Cached process > RECOMBINATION_AWARE_SNPS:MASH_SKETCH (ERS013352)
Sep-08 08:48:20.428 [Actor Thread 19] INFO  nextflow.processor.TaskProcessor - [09/e978d7] Cached process > RECOMBINATION_AWARE_SNPS:INFILE_HANDLING_UNIX (IP-0168)
Sep-08 08:48:20.429 [Actor Thread 9] INFO  nextflow.processor.TaskProcessor - [e4/c99d17] Cached process > RECOMBINATION_AWARE_SNPS:MASH_SKETCH (GCA_963566175_1)
Sep-08 08:48:20.430 [Actor Thread 46] INFO  nextflow.processor.TaskProcessor - [73/89b2fb] Cached process > RECOMBINATION_AWARE_SNPS:INFILE_HANDLING_UNIX (IP-0135)
Sep-08 08:48:20.432 [Actor Thread 57] INFO  nextflow.processor.TaskProcessor - [39/08d716] Cached process > RECOMBINATION_AWARE_SNPS:MASH_SKETCH (GCA_963573095_1)
Sep-08 08:48:20.434 [Actor Thread 7] INFO  nextflow.processor.TaskProcessor - [c8/456d6c] Cached process > RECOMBINATION_AWARE_SNPS:INFILE_HANDLING_UNIX (GCA_963565395_1)
Sep-08 08:48:20.434 [Actor Thread 59] INFO  nextflow.processor.TaskProcessor - [f3/54fff2] Cached process > RECOMBINATION_AWARE_SNPS:INFILE_HANDLING_UNIX (ERS012312)
Sep-08 08:48:20.438 [Actor Thread 23] INFO  nextflow.processor.TaskProcessor - [bc/98c487] Cached process > RECOMBINATION_AWARE_SNPS:MASH_SKETCH (IP-0003)
Sep-08 08:48:20.429 [Actor Thread 48] INFO  nextflow.processor.TaskProcessor - [3d/103eb9] Cached process > RECOMBINATION_AWARE_SNPS:INFILE_HANDLING_UNIX (GCA_963566625_1)
Sep-08 08:48:20.440 [Actor Thread 10] INFO  nextflow.processor.TaskProcessor - [4d/661273] Cached process > RECOMBINATION_AWARE_SNPS:MASH_SKETCH (IP-0138)
Sep-08 08:48:20.444 [Actor Thread 29] INFO  nextflow.processor.TaskProcessor - [e6/52c49a] Cached process > RECOMBINATION_AWARE_SNPS:MASH_SKETCH (GCA_963565395_1)
Sep-08 08:48:20.445 [Actor Thread 60] INFO  nextflow.processor.TaskProcessor - [2b/6aa7fd] Cached process > RECOMBINATION_AWARE_SNPS:INFILE_HANDLING_UNIX (ERS012306)
Sep-08 08:48:20.445 [Actor Thread 33] INFO  nextflow.processor.TaskProcessor - [2d/77620c] Cached process > RECOMBINATION_AWARE_SNPS:INFILE_HANDLING_UNIX (IP-0140)
Sep-08 08:48:20.451 [Actor Thread 54] INFO  nextflow.processor.TaskProcessor - [21/1c7024] Cached process > RECOMBINATION_AWARE_SNPS:MASH_SKETCH (GCA_963561855_1)
Sep-08 08:48:20.451 [Actor Thread 53] INFO  nextflow.processor.TaskProcessor - [6b/34c97a] Cached process > RECOMBINATION_AWARE_SNPS:MASH_SKETCH (IP-0135)
Sep-08 08:48:20.451 [Actor Thread 13] INFO  nextflow.processor.TaskProcessor - [61/bfa18e] Cached process > RECOMBINATION_AWARE_SNPS:MASH_SKETCH (GCA_963566625_1)
Sep-08 08:48:20.453 [Actor Thread 61] INFO  nextflow.processor.TaskProcessor - [a7/801793] Cached process > RECOMBINATION_AWARE_SNPS:MASH_SKETCH (ERS012312)
Sep-08 08:48:20.455 [Actor Thread 48] INFO  nextflow.processor.TaskProcessor - [0a/a78fda] Cached process > RECOMBINATION_AWARE_SNPS:MASH_SKETCH (IP-0038)
Sep-08 08:48:20.455 [Actor Thread 46] INFO  nextflow.processor.TaskProcessor - [ab/9a5ea8] Cached process > RECOMBINATION_AWARE_SNPS:INFILE_HANDLING_UNIX (GCA_963563065_1)
Sep-08 08:48:20.456 [Actor Thread 32] INFO  nextflow.processor.TaskProcessor - [36/433058] Cached process > RECOMBINATION_AWARE_SNPS:INFILE_HANDLING_UNIX (ERS012332)
Sep-08 08:48:20.456 [Actor Thread 3] INFO  nextflow.processor.TaskProcessor - [da/62ab8f] Cached process > RECOMBINATION_AWARE_SNPS:MASH_SKETCH (ERS013364)
Sep-08 08:48:20.462 [Actor Thread 59] INFO  nextflow.processor.TaskProcessor - [3f/4ae79e] Cached process > RECOMBINATION_AWARE_SNPS:MASH_SKETCH (IP-0168)
Sep-08 08:48:20.464 [Actor Thread 7] INFO  nextflow.processor.TaskProcessor - [7d/d1d026] Cached process > RECOMBINATION_AWARE_SNPS:MASH_SKETCH (IP-0005)
Sep-08 08:48:20.466 [Actor Thread 5] INFO  nextflow.processor.TaskProcessor - [52/f7a8a2] Cached process > RECOMBINATION_AWARE_SNPS:MASH_SKETCH (IP-0186)
Sep-08 08:48:20.466 [Actor Thread 34] INFO  nextflow.processor.TaskProcessor - [54/79ea21] Cached process > RECOMBINATION_AWARE_SNPS:MASH_SKETCH (IP-0020)
Sep-08 08:48:20.467 [Actor Thread 32] INFO  nextflow.processor.TaskProcessor - [78/9ca135] Cached process > RECOMBINATION_AWARE_SNPS:MASH_SKETCH (ERS013354)
Sep-08 08:48:20.467 [Actor Thread 18] INFO  nextflow.processor.TaskProcessor - [e4/9163ec] Cached process > RECOMBINATION_AWARE_SNPS:MASH_SKETCH (IP-0176)
Sep-08 08:48:20.475 [Actor Thread 27] INFO  nextflow.processor.TaskProcessor - [4c/1a3ff7] Cached process > RECOMBINATION_AWARE_SNPS:MASH_SKETCH (ERS012332)
Sep-08 08:48:20.478 [Actor Thread 36] INFO  nextflow.processor.TaskProcessor - [d5/4e88b3] Cached process > RECOMBINATION_AWARE_SNPS:MASH_SKETCH (IP-0146)
Sep-08 08:48:20.479 [Actor Thread 5] INFO  nextflow.processor.TaskProcessor - [58/e0c585] Cached process > RECOMBINATION_AWARE_SNPS:MASH_SKETCH (GCF_002111145_1_USA_Arizona_ex_Costa_Rica)
Sep-08 08:48:20.478 [Actor Thread 12] INFO  nextflow.processor.TaskProcessor - [57/813d94] Cached process > RECOMBINATION_AWARE_SNPS:MASH_SKETCH (ERS012362)
Sep-08 08:48:20.479 [Actor Thread 17] INFO  nextflow.processor.TaskProcessor - [31/ed24f5] Cached process > RECOMBINATION_AWARE_SNPS:MASH_SKETCH (IP-0166)
Sep-08 08:48:20.483 [Actor Thread 7] INFO  nextflow.processor.TaskProcessor - [a9/126eab] Cached process > RECOMBINATION_AWARE_SNPS:MASH_SKETCH (GCA_963563635_1)
Sep-08 08:48:20.483 [Actor Thread 18] INFO  nextflow.processor.TaskProcessor - [88/5f0872] Cached process > RECOMBINATION_AWARE_SNPS:MASH_SKETCH (GCA_963561075_1)
Sep-08 08:48:20.485 [Actor Thread 11] INFO  nextflow.processor.TaskProcessor - [3d/8b04a9] Cached process > RECOMBINATION_AWARE_SNPS:MASH_SKETCH (GCA_963563065_1)
Sep-08 08:48:20.486 [Actor Thread 3] INFO  nextflow.processor.TaskProcessor - [6f/c3b44c] Cached process > RECOMBINATION_AWARE_SNPS:MASH_SKETCH (IP-0140)
Sep-08 08:48:20.486 [Actor Thread 38] INFO  nextflow.processor.TaskProcessor - [d1/4ccac4] Cached process > RECOMBINATION_AWARE_SNPS:MASH_SKETCH (ERS012306)
Sep-08 08:48:20.501 [Actor Thread 33] DEBUG nextflow.sort.BigSort - Sort completed -- entries: 106; slices: 1; internal sort time: 0.006 s; external sort time: 0.006 s; total time: 0.012 s
Sep-08 08:48:20.502 [Actor Thread 33] DEBUG nextflow.file.FileCollector - >> temp file exists? false
Sep-08 08:48:20.503 [Actor Thread 33] DEBUG nextflow.file.FileCollector - Missed collect-file cache -- cause: java.nio.file.NoSuchFileException: /home/phemarajata/wf-assembly-snps-mod-usher/work/collect-file/df4b129dd7e0fba307fef93f294dc110
Sep-08 08:48:20.510 [Actor Thread 3] INFO  nextflow.processor.TaskProcessor - [77/0ecf50] Cached process > RECOMBINATION_AWARE_SNPS:MASH_DIST (pairwise_distances)
Sep-08 08:48:20.519 [Actor Thread 3] INFO  nextflow.processor.TaskProcessor - [cb/6e6d4b] Cached process > RECOMBINATION_AWARE_SNPS:MASH_TAB_TO_MATRIX (mash_tab_to_matrix)
Sep-08 08:48:20.522 [Actor Thread 33] DEBUG nextflow.file.FileCollector - Saved collect-files list to: /home/phemarajata/wf-assembly-snps-mod-usher/work/collect-file/df4b129dd7e0fba307fef93f294dc110
Sep-08 08:48:20.529 [Actor Thread 33] DEBUG nextflow.file.FileCollector - Deleting file collector temp dir: /tmp/nxf-1570639581482299047
Sep-08 08:48:20.534 [Actor Thread 61] INFO  nextflow.processor.TaskProcessor - [4d/45019e] Cached process > RECOMBINATION_AWARE_SNPS:CLUSTER_GENOMES (clustering)
Sep-08 08:48:20.566 [Actor Thread 3] INFO  nextflow.processor.TaskProcessor - [c0/1bfd18] Cached process > RECOMBINATION_AWARE_SNPS:SELECT_CLUSTER_REPRESENTATIVE (cluster_cluster_2)
Sep-08 08:48:20.566 [Actor Thread 32] INFO  nextflow.processor.TaskProcessor - [db/66caf6] Cached process > RECOMBINATION_AWARE_SNPS:SELECT_CLUSTER_REPRESENTATIVE (cluster_cluster_1)
Sep-08 08:48:20.569 [Actor Thread 12] INFO  nextflow.processor.TaskProcessor - [78/4e6cbf] Cached process > RECOMBINATION_AWARE_SNPS:SELECT_CLUSTER_REPRESENTATIVE (cluster_cluster_0)
Sep-08 08:48:20.583 [Actor Thread 32] INFO  nextflow.processor.TaskProcessor - [66/7a34aa] Cached process > RECOMBINATION_AWARE_SNPS:SNIPPY_ALIGN (cluster_cluster_2)
Sep-08 08:48:20.589 [Actor Thread 18] INFO  nextflow.processor.TaskProcessor - [29/3ddfc8] Cached process > RECOMBINATION_AWARE_SNPS:COLLECT_REPRESENTATIVES (collect_reps)
Sep-08 08:48:20.589 [Actor Thread 3] INFO  nextflow.processor.TaskProcessor - [b3/ccd353] Cached process > RECOMBINATION_AWARE_SNPS:SNIPPY_ALIGN (cluster_cluster_0)
Sep-08 08:48:20.589 [Actor Thread 11] INFO  nextflow.processor.TaskProcessor - [26/6874d9] Cached process > RECOMBINATION_AWARE_SNPS:SNIPPY_ALIGN (cluster_cluster_1)
Sep-08 08:48:20.607 [Actor Thread 12] INFO  nextflow.processor.TaskProcessor - [f3/44466a] Cached process > RECOMBINATION_AWARE_SNPS:BUILD_BACKBONE_TREE (backbone_tree)
Sep-08 08:48:20.685 [Task submitter] DEBUG n.executor.local.LocalTaskHandler - Launch cmd line: /bin/bash -ue .command.run
Sep-08 08:48:20.689 [Task submitter] INFO  nextflow.Session - [db/384c25] Submitted process > RECOMBINATION_AWARE_SNPS:KEEP_INVARIANT_ATCG (cluster_cluster_2)
Sep-08 08:48:20.713 [Task submitter] DEBUG n.executor.local.LocalTaskHandler - Launch cmd line: /bin/bash -ue .command.run
Sep-08 08:48:20.714 [Task submitter] INFO  nextflow.Session - [90/0a91bf] Submitted process > RECOMBINATION_AWARE_SNPS:KEEP_INVARIANT_ATCG (cluster_cluster_1)
Sep-08 08:48:20.726 [Task submitter] DEBUG n.executor.local.LocalTaskHandler - Launch cmd line: /bin/bash -ue .command.run
Sep-08 08:48:20.727 [Task submitter] INFO  nextflow.Session - [30/5b53aa] Submitted process > RECOMBINATION_AWARE_SNPS:KEEP_INVARIANT_ATCG (cluster_cluster_0)
Sep-08 08:49:10.545 [Task monitor] DEBUG n.processor.TaskPollingMonitor - Task completed > TaskHandler[id: 223; name: RECOMBINATION_AWARE_SNPS:KEEP_INVARIANT_ATCG (cluster_cluster_2); status: COMPLETED; exit: 0; error: -; workDir: /home/phemarajata/wf-assembly-snps-mod-usher/work/db/384c25b70600ffeec17c3d75416afa]
Sep-08 08:49:10.546 [Task monitor] DEBUG nextflow.util.ThreadPoolBuilder - Creating thread pool 'TaskFinalizer' minSize=10; maxSize=66; workQueue=LinkedBlockingQueue[-1]; allowCoreThreadTimeout=false
Sep-08 08:49:10.564 [Task submitter] DEBUG n.executor.local.LocalTaskHandler - Launch cmd line: /bin/bash -ue .command.run
Sep-08 08:49:10.564 [Task submitter] INFO  nextflow.Session - [db/5d632c] Submitted process > RECOMBINATION_AWARE_SNPS:IQTREE_FAST (cluster_cluster_2)
Sep-08 08:50:18.741 [Task monitor] DEBUG n.processor.TaskPollingMonitor - Task completed > TaskHandler[id: 227; name: RECOMBINATION_AWARE_SNPS:IQTREE_FAST (cluster_cluster_2); status: COMPLETED; exit: 0; error: -; workDir: /home/phemarajata/wf-assembly-snps-mod-usher/work/db/5d632cd0c2a079291f0f60addfc76e]
Sep-08 08:50:18.775 [Task submitter] DEBUG n.executor.local.LocalTaskHandler - Launch cmd line: /bin/bash -ue .command.run
Sep-08 08:50:18.776 [Task submitter] INFO  nextflow.Session - [99/313607] Submitted process > RECOMBINATION_AWARE_SNPS:GUBBINS_CLUSTER (cluster_cluster_2)
Sep-08 08:50:41.385 [Task monitor] DEBUG n.processor.TaskPollingMonitor - Task completed > TaskHandler[id: 228; name: RECOMBINATION_AWARE_SNPS:GUBBINS_CLUSTER (cluster_cluster_2); status: COMPLETED; exit: 0; error: -; workDir: /home/phemarajata/wf-assembly-snps-mod-usher/work/99/313607c11e3f0c67e331677cd51a6d]
Sep-08 08:50:41.412 [Task submitter] DEBUG n.executor.local.LocalTaskHandler - Launch cmd line: /bin/bash -ue .command.run
Sep-08 08:50:41.412 [Task submitter] INFO  nextflow.Session - [80/3922b6] Submitted process > RECOMBINATION_AWARE_SNPS:IQTREE_ASC (cluster_cluster_2)
Sep-08 08:51:46.199 [Task monitor] DEBUG n.processor.TaskPollingMonitor - Task completed > TaskHandler[id: 229; name: RECOMBINATION_AWARE_SNPS:IQTREE_ASC (cluster_cluster_2); status: COMPLETED; exit: 0; error: -; workDir: /home/phemarajata/wf-assembly-snps-mod-usher/work/80/3922b6ffe057e445a63e7ae9d4cd23]
Sep-08 08:53:19.794 [Task monitor] DEBUG n.processor.TaskPollingMonitor - !! executor local > tasks to be completed: 2 -- submitted tasks are shown below
~> TaskHandler[id: 226; name: RECOMBINATION_AWARE_SNPS:KEEP_INVARIANT_ATCG (cluster_cluster_1); status: RUNNING; exit: -; error: -; workDir: /home/phemarajata/wf-assembly-snps-mod-usher/work/90/0a91bf66ceeab8703ecb0d43c5c3fb]
~> TaskHandler[id: 225; name: RECOMBINATION_AWARE_SNPS:KEEP_INVARIANT_ATCG (cluster_cluster_0); status: RUNNING; exit: -; error: -; workDir: /home/phemarajata/wf-assembly-snps-mod-usher/work/30/5b53aa84ac23f96513d1aed8f89565]
Sep-08 08:53:39.613 [Task monitor] DEBUG n.processor.TaskPollingMonitor - Task completed > TaskHandler[id: 226; name: RECOMBINATION_AWARE_SNPS:KEEP_INVARIANT_ATCG (cluster_cluster_1); status: COMPLETED; exit: 0; error: -; workDir: /home/phemarajata/wf-assembly-snps-mod-usher/work/90/0a91bf66ceeab8703ecb0d43c5c3fb]
Sep-08 08:53:39.624 [Task submitter] DEBUG n.executor.local.LocalTaskHandler - Launch cmd line: /bin/bash -ue .command.run
Sep-08 08:53:39.624 [Task submitter] INFO  nextflow.Session - [1e/cd7b3a] Submitted process > RECOMBINATION_AWARE_SNPS:IQTREE_FAST (cluster_cluster_1)
Sep-08 08:53:53.412 [Task monitor] DEBUG n.processor.TaskPollingMonitor - Task completed > TaskHandler[id: 225; name: RECOMBINATION_AWARE_SNPS:KEEP_INVARIANT_ATCG (cluster_cluster_0); status: COMPLETED; exit: 0; error: -; workDir: /home/phemarajata/wf-assembly-snps-mod-usher/work/30/5b53aa84ac23f96513d1aed8f89565]
Sep-08 08:53:53.423 [Task submitter] DEBUG n.executor.local.LocalTaskHandler - Launch cmd line: /bin/bash -ue .command.run
Sep-08 08:53:53.424 [Task submitter] INFO  nextflow.Session - [ae/9a0d01] Submitted process > RECOMBINATION_AWARE_SNPS:IQTREE_FAST (cluster_cluster_0)
Sep-08 08:58:19.811 [Task monitor] DEBUG n.processor.TaskPollingMonitor - !! executor local > tasks to be completed: 2 -- submitted tasks are shown below
~> TaskHandler[id: 230; name: RECOMBINATION_AWARE_SNPS:IQTREE_FAST (cluster_cluster_1); status: RUNNING; exit: -; error: -; workDir: /home/phemarajata/wf-assembly-snps-mod-usher/work/1e/cd7b3a6d6794961aa58d8e0a7ed954]
~> TaskHandler[id: 231; name: RECOMBINATION_AWARE_SNPS:IQTREE_FAST (cluster_cluster_0); status: RUNNING; exit: -; error: -; workDir: /home/phemarajata/wf-assembly-snps-mod-usher/work/ae/9a0d0136ab7f98c51d3c05ae662c91]
Sep-08 09:01:11.455 [Task monitor] DEBUG n.processor.TaskPollingMonitor - Task completed > TaskHandler[id: 231; name: RECOMBINATION_AWARE_SNPS:IQTREE_FAST (cluster_cluster_0); status: COMPLETED; exit: 0; error: -; workDir: /home/phemarajata/wf-assembly-snps-mod-usher/work/ae/9a0d0136ab7f98c51d3c05ae662c91]
Sep-08 09:01:11.485 [Task submitter] DEBUG n.executor.local.LocalTaskHandler - Launch cmd line: /bin/bash -ue .command.run
Sep-08 09:01:11.486 [Task submitter] INFO  nextflow.Session - [1d/e6e620] Submitted process > RECOMBINATION_AWARE_SNPS:GUBBINS_CLUSTER (cluster_cluster_0)
Sep-08 09:03:03.099 [Task monitor] DEBUG n.processor.TaskPollingMonitor - Task completed > TaskHandler[id: 230; name: RECOMBINATION_AWARE_SNPS:IQTREE_FAST (cluster_cluster_1); status: COMPLETED; exit: 0; error: -; workDir: /home/phemarajata/wf-assembly-snps-mod-usher/work/1e/cd7b3a6d6794961aa58d8e0a7ed954]
Sep-08 09:03:03.118 [Task submitter] DEBUG n.executor.local.LocalTaskHandler - Launch cmd line: /bin/bash -ue .command.run
Sep-08 09:03:03.118 [Task submitter] INFO  nextflow.Session - [9e/490bbd] Submitted process > RECOMBINATION_AWARE_SNPS:GUBBINS_CLUSTER (cluster_cluster_1)
Sep-08 09:03:19.821 [Task monitor] DEBUG n.processor.TaskPollingMonitor - !! executor local > tasks to be completed: 2 -- submitted tasks are shown below
~> TaskHandler[id: 232; name: RECOMBINATION_AWARE_SNPS:GUBBINS_CLUSTER (cluster_cluster_0); status: RUNNING; exit: -; error: -; workDir: /home/phemarajata/wf-assembly-snps-mod-usher/work/1d/e6e620dfaf49829d50d3f8a672b2bb]
~> TaskHandler[id: 233; name: RECOMBINATION_AWARE_SNPS:GUBBINS_CLUSTER (cluster_cluster_1); status: RUNNING; exit: -; error: -; workDir: /home/phemarajata/wf-assembly-snps-mod-usher/work/9e/490bbd92b5ed8c3187e55a36bac03c]
Sep-08 09:08:19.842 [Task monitor] DEBUG n.processor.TaskPollingMonitor - !! executor local > tasks to be completed: 2 -- submitted tasks are shown below
~> TaskHandler[id: 232; name: RECOMBINATION_AWARE_SNPS:GUBBINS_CLUSTER (cluster_cluster_0); status: RUNNING; exit: -; error: -; workDir: /home/phemarajata/wf-assembly-snps-mod-usher/work/1d/e6e620dfaf49829d50d3f8a672b2bb]
~> TaskHandler[id: 233; name: RECOMBINATION_AWARE_SNPS:GUBBINS_CLUSTER (cluster_cluster_1); status: RUNNING; exit: -; error: -; workDir: /home/phemarajata/wf-assembly-snps-mod-usher/work/9e/490bbd92b5ed8c3187e55a36bac03c]
Sep-08 09:13:19.848 [Task monitor] DEBUG n.processor.TaskPollingMonitor - !! executor local > tasks to be completed: 2 -- submitted tasks are shown below
~> TaskHandler[id: 232; name: RECOMBINATION_AWARE_SNPS:GUBBINS_CLUSTER (cluster_cluster_0); status: RUNNING; exit: -; error: -; workDir: /home/phemarajata/wf-assembly-snps-mod-usher/work/1d/e6e620dfaf49829d50d3f8a672b2bb]
~> TaskHandler[id: 233; name: RECOMBINATION_AWARE_SNPS:GUBBINS_CLUSTER (cluster_cluster_1); status: RUNNING; exit: -; error: -; workDir: /home/phemarajata/wf-assembly-snps-mod-usher/work/9e/490bbd92b5ed8c3187e55a36bac03c]
Sep-08 09:18:19.938 [Task monitor] DEBUG n.processor.TaskPollingMonitor - !! executor local > tasks to be completed: 2 -- submitted tasks are shown below
~> TaskHandler[id: 232; name: RECOMBINATION_AWARE_SNPS:GUBBINS_CLUSTER (cluster_cluster_0); status: RUNNING; exit: -; error: -; workDir: /home/phemarajata/wf-assembly-snps-mod-usher/work/1d/e6e620dfaf49829d50d3f8a672b2bb]
~> TaskHandler[id: 233; name: RECOMBINATION_AWARE_SNPS:GUBBINS_CLUSTER (cluster_cluster_1); status: RUNNING; exit: -; error: -; workDir: /home/phemarajata/wf-assembly-snps-mod-usher/work/9e/490bbd92b5ed8c3187e55a36bac03c]
Sep-08 09:22:05.634 [Task monitor] DEBUG n.processor.TaskPollingMonitor - Task completed > TaskHandler[id: 232; name: RECOMBINATION_AWARE_SNPS:GUBBINS_CLUSTER (cluster_cluster_0); status: COMPLETED; exit: 0; error: -; workDir: /home/phemarajata/wf-assembly-snps-mod-usher/work/1d/e6e620dfaf49829d50d3f8a672b2bb]
Sep-08 09:22:05.648 [Task submitter] DEBUG n.executor.local.LocalTaskHandler - Launch cmd line: /bin/bash -ue .command.run
Sep-08 09:22:05.648 [Task submitter] INFO  nextflow.Session - [81/2a3424] Submitted process > RECOMBINATION_AWARE_SNPS:IQTREE_ASC (cluster_cluster_0)
Sep-08 09:22:36.432 [Task monitor] DEBUG n.processor.TaskPollingMonitor - Task completed > TaskHandler[id: 233; name: RECOMBINATION_AWARE_SNPS:GUBBINS_CLUSTER (cluster_cluster_1); status: COMPLETED; exit: 0; error: -; workDir: /home/phemarajata/wf-assembly-snps-mod-usher/work/9e/490bbd92b5ed8c3187e55a36bac03c]
Sep-08 09:22:36.448 [Task submitter] DEBUG n.executor.local.LocalTaskHandler - Launch cmd line: /bin/bash -ue .command.run
Sep-08 09:22:36.449 [Task submitter] INFO  nextflow.Session - [cd/839edd] Submitted process > RECOMBINATION_AWARE_SNPS:IQTREE_ASC (cluster_cluster_1)
Sep-08 09:22:36.454 [Task submitter] DEBUG n.executor.local.LocalTaskHandler - Launch cmd line: /bin/bash -ue .command.run
Sep-08 09:22:36.454 [Task submitter] INFO  nextflow.Session - [fd/f0446f] Submitted process > RECOMBINATION_AWARE_SNPS:INTEGRATE_CORE_SNPS (integrate_snps)
Sep-08 09:23:02.140 [Task monitor] DEBUG n.processor.TaskPollingMonitor - Task completed > TaskHandler[id: 236; name: RECOMBINATION_AWARE_SNPS:INTEGRATE_CORE_SNPS (integrate_snps); status: COMPLETED; exit: 0; error: -; workDir: /home/phemarajata/wf-assembly-snps-mod-usher/work/fd/f0446f341cca15b3d39b49616de0ec]
Sep-08 09:23:02.171 [Task submitter] DEBUG n.executor.local.LocalTaskHandler - Launch cmd line: /bin/bash -ue .command.run
Sep-08 09:23:02.172 [Task submitter] INFO  nextflow.Session - [29/191f5d] Submitted process > RECOMBINATION_AWARE_SNPS:PLACE_WITH_USHER (usher_placement)
Sep-08 09:23:02.526 [Task monitor] DEBUG n.processor.TaskPollingMonitor - Task completed > TaskHandler[id: 237; name: RECOMBINATION_AWARE_SNPS:PLACE_WITH_USHER (usher_placement); status: COMPLETED; exit: 1; error: -; workDir: /home/phemarajata/wf-assembly-snps-mod-usher/work/29/191f5df89b8042e4e48b56853a5fee]
Sep-08 09:23:02.533 [TaskFinalizer-2] DEBUG nextflow.processor.TaskProcessor - Handling unexpected condition for
  task: name=RECOMBINATION_AWARE_SNPS:PLACE_WITH_USHER (usher_placement); work-dir=/home/phemarajata/wf-assembly-snps-mod-usher/work/29/191f5df89b8042e4e48b56853a5fee
  error [nextflow.exception.ProcessFailedException]: Process `RECOMBINATION_AWARE_SNPS:PLACE_WITH_USHER (usher_placement)` terminated with an error exit status (1)
Sep-08 09:23:02.548 [TaskFinalizer-2] ERROR nextflow.processor.TaskProcessor - Error executing process > 'RECOMBINATION_AWARE_SNPS:PLACE_WITH_USHER (usher_placement)'

Caused by:
  Process `RECOMBINATION_AWARE_SNPS:PLACE_WITH_USHER (usher_placement)` terminated with an error exit status (1)


Command executed:

  set -Eeuo pipefail
  
  : > grafting_log.txt
  printf 'Starting UShER placement\n' >> grafting_log.txt
  printf 'Backbone tree: %s\n' "!{backbone_tree}" >> grafting_log.txt
  printf 'Integrated alignment: %s\n' "!{integrated_alignment}" >> grafting_log.txt
  printf 'Reference: %s\n' "!{reference_fasta}" >> grafting_log.txt
  
  # Check if we have the required inputs
  if [[ ! -s "!{backbone_tree}" ]]; then
      echo "ERROR: Backbone tree file is empty or missing" | tee -a grafting_log.txt
      exit 1
  fi
  
  if [[ ! -s "!{integrated_alignment}" ]]; then
      echo "ERROR: Integrated alignment file is empty or missing" | tee -a grafting_log.txt
      exit 1
  fi
  
  # Handle reference genome requirement
  if [[ ! -s "!{reference_fasta}" ]] || [[ "!{reference_fasta}" == *"NO_FILE"* ]]; then
      echo "WARNING: No reference genome provided. UShER requires a reference for VCF annotation." | tee -a grafting_log.txt
      echo "Attempting to use the first sequence from the integrated alignment as reference..." | tee -a grafting_log.txt
  
      # Extract first sequence as reference
      head -2 "!{integrated_alignment}" > temp_reference.fa
      if [[ -s temp_reference.fa ]]; then
          reference_file="temp_reference.fa"
          echo "Using first sequence as reference: $(head -1 temp_reference.fa)" >> grafting_log.txt
      else
          echo "ERROR: Cannot create reference from alignment" | tee -a grafting_log.txt
          exit 1
      fi
  else
      reference_file="!{reference_fasta}"
      echo "Using provided reference: !{reference_fasta}" >> grafting_log.txt
  fi
  
  # 1) Extract backbone sample IDs from the Newick (via gotree)
  gotree labels -i "!{backbone_tree}" > backbone.samples.txt
  n_bb=$(wc -l < backbone.samples.txt || echo 0)
  printf 'Backbone samples detected: %s\n' "$n_bb" >> grafting_log.txt
  
  if [[ "$n_bb" -eq 0 ]]; then
      echo "ERROR: No labels found in backbone tree" | tee -a grafting_log.txt
      exit 1
  fi
  
  # 2) Convert the integrated alignment to VCF format using snp-sites
  printf 'Converting alignment to VCF format...\n' >> grafting_log.txt
  
  # First, create a VCF from the integrated alignment
  snp-sites -v -o combined.vcf "!{integrated_alignment}" 2>> grafting_log.txt || {
      echo "ERROR: Failed to convert alignment to VCF" | tee -a grafting_log.txt
      exit 1
  }
  
  # Compress and index the VCF
  bgzip -c combined.vcf > combined.vcf.gz
  tabix -p vcf combined.vcf.gz
  
  # 3) Get all sample names from the VCF
  bcftools query -l combined.vcf.gz > all.samples.txt
  n_total=$(wc -l < all.samples.txt || echo 0)
  printf 'Total samples in VCF: %s\n' "$n_total" >> grafting_log.txt
  
  # 4) Split samples into backbone vs non-backbone subsets
  # Find backbone samples that exist in the VCF
  grep -Fx -f backbone.samples.txt all.samples.txt > backbone.samples.in_vcf.txt || true
  n_in=$(wc -l < backbone.samples.in_vcf.txt || echo 0)
  
  if [[ "$n_in" -eq 0 ]]; then
      echo "ERROR: None of the backbone samples are present in the VCF" | tee -a grafting_log.txt
      echo "Backbone samples:" >> grafting_log.txt
      cat backbone.samples.txt >> grafting_log.txt
      echo "VCF samples:" >> grafting_log.txt
      head -10 all.samples.txt >> grafting_log.txt
      exit 1
  fi
  
  # Find non-backbone samples
  comm -23 <(sort all.samples.txt) <(sort backbone.samples.in_vcf.txt) > nonbackbone.samples.in_vcf.txt || true
  n_nonbb=$(wc -l < nonbackbone.samples.in_vcf.txt || echo 0)
  
  printf 'Backbone samples in VCF: %s\n' "$n_in" >> grafting_log.txt
  printf 'Non-backbone samples in VCF: %s\n' "$n_nonbb" >> grafting_log.txt
  
  # 5) Create separate VCFs for backbone and non-backbone samples
  bcftools view -S backbone.samples.in_vcf.txt -Oz -o backbone.vcf.gz combined.vcf.gz
  tabix -p vcf backbone.vcf.gz
  
  if [[ "$n_nonbb" -gt 0 ]]; then
      bcftools view -S nonbackbone.samples.in_vcf.txt -Oz -o nonbackbone.vcf.gz combined.vcf.gz
      tabix -p vcf nonbackbone.vcf.gz
  fi
  
  # 6) Build a mutation-annotated tree (MAT) that PRESERVES the backbone topology
  printf 'Building mutation-annotated tree with backbone topology...\n' >> grafting_log.txt
  
  # Configure UShER options based on parameters
  retain_branch_lengths=""
  if [[ "!{params.usher_retain_branch_lengths}" == "true" ]]; then
      retain_branch_lengths="--retain-input-branch-lengths"
  fi
  
  usher \
      --tree "!{backbone_tree}" \
      --vcf backbone.vcf.gz \
      --reference "$reference_file" \
      --save-mutation-annotated-tree backbone.pb \
      --out-dir step1 \
      $retain_branch_lengths \
      --threads !{task.cpus} \
      2>> grafting_log.txt || {
      echo "ERROR: Failed to build backbone MAT" | tee -a grafting_log.txt
      exit 1
  }
  
  # 7) Place the remaining samples onto the MAT (if any)
  MAT_OUT="step1/backbone.pb"
  
  if [[ "$n_nonbb" -gt 0 && -s nonbackbone.vcf.gz ]]; then
      printf 'Placing non-backbone samples onto MAT...\n' >> grafting_log.txt
  
      # Configure optimization option
      optimize_tree=""
      if [[ "!{params.usher_optimize_final_tree}" == "true" ]]; then
          optimize_tree="--optimize-final-tree"
      fi
  
      usher \
          --load-mutation-annotated-tree "$MAT_OUT" \
          --vcf nonbackbone.vcf.gz \
          --reference "$reference_file" \
          --out-dir step2 \
          $optimize_tree \
          --threads !{task.cpus} \
          2>> grafting_log.txt || {
          echo "WARNING: Failed to place non-backbone samples, using backbone-only tree" | tee -a grafting_log.txt
      }
  
      # Check if placement was successful
      if [[ -f "step2/usher.pb" ]]; then
          MAT_OUT="step2/usher.pb"
          printf 'Successfully placed %s non-backbone samples\n' "$n_nonbb" >> grafting_log.txt
      else
          printf 'Placement failed, using backbone-only MAT\n' >> grafting_log.txt
      fi
  else
      printf 'No non-backbone samples to place; using backbone-only MAT\n' >> grafting_log.txt
  fi
  
  # 8) Export final Newick tree
  printf 'Exporting final tree...\n' >> grafting_log.txt
  
  matUtils extract -i "$MAT_OUT" -t global_grafted.treefile 2>> grafting_log.txt || {
      echo "ERROR: Failed to extract final tree" | tee -a grafting_log.txt
      # Fallback: copy backbone tree
      cp "!{backbone_tree}" global_grafted.treefile
      echo "Using backbone tree as fallback" >> grafting_log.txt
  }
  
  # 9) Generate comprehensive report
  final_leaves=$(gotree labels -i global_grafted.treefile | wc -l 2>/dev/null || echo "unknown")
  
  {
      printf 'TREE GRAFTING (UShER placement) REPORT\n'
      printf '======================================\n'
      printf 'Date (UTC): %s\n' "$(date -u +%FT%TZ)"
      printf 'Backbone tree: %s\n' "!{backbone_tree}"
      printf 'Integrated alignment: %s\n' "!{integrated_alignment}"
      printf 'Reference genome: %s\n' "!{reference_fasta}"
      printf '\n'
      printf 'SAMPLE STATISTICS\n'
      printf '-----------------\n'
      printf 'Total samples in alignment: %s\n' "$n_total"
      printf 'Backbone samples found in VCF: %s\n' "$n_in"
      printf 'Non-backbone samples: %s\n' "$n_nonbb"
      printf 'Final tree leaves: %s\n' "$final_leaves"
      printf '\n'
      printf 'PROCESSING RESULTS\n'
      printf '------------------\n'
      if [[ "$final_leaves" -gt "$n_in" ]]; then
          printf 'Status: SUCCESS - Non-backbone samples successfully placed\n'
      elif [[ "$final_leaves" -eq "$n_in" ]]; then
          printf 'Status: PARTIAL - Only backbone samples in final tree\n'
      else
          printf 'Status: WARNING - Unexpected number of leaves in final tree\n'
      fi
      printf '\n'
      printf 'METHOD DETAILS\n'
      printf '--------------\n'
      printf 'Phylogenetic placement: UShER (Ultrafast Sample placement on Existing tRees)\n'
      printf 'Mutation annotation: matUtils\n'
      printf 'VCF generation: snp-sites from core SNPs alignment\n'
      printf 'Backbone topology: Preserved using --tree and --retain-input-branch-lengths\n'
      printf 'Placement algorithm: Maximum parsimony on mutation-annotated tree\n'
      printf '\n'
      printf 'ADVANTAGES OF THIS APPROACH\n'
      printf '---------------------------\n'
      printf '• No label matching required - placement based on genotypes\n'
      printf '• Backbone topology strictly preserved\n'
      printf '• Scalable to very large datasets\n'
      printf '• Deterministic and reproducible results\n'
      printf '• Robust to sample naming inconsistencies\n'
  } > grafting_report.txt
  
  printf 'UShER placement completed successfully\n' >> grafting_log.txt
  
  # 10) Generate versions file
  {
      printf '"!{task.process}":\n'
      printf '    usher: %s\n' "$(usher --version 2>&1 | head -n1 | sed 's/^/    /' || echo 'unknown')"
      printf '    matUtils: %s\n' "$(matUtils --version 2>&1 | head -n1 | sed 's/^/    /' || echo 'unknown')"
      printf '    bcftools: %s\n' "$(bcftools --version 2>&1 | head -n1 | sed 's/^/    /' || echo 'unknown')"
      printf '    gotree: %s\n' "$(gotree version 2>/dev/null | sed 's/^/    /' | tr -d '\r' || echo 'unknown')"
      printf '    snp-sites: %s\n' "$(snp-sites -V 2>&1 | sed 's/snp-sites /    /' || echo 'unknown')"
  } > versions.yml

Command exit status:
  1

Command output:
  ERROR: Backbone tree file is empty or missing

Command error:
  ERROR: Backbone tree file is empty or missing

Work dir:
  /home/phemarajata/wf-assembly-snps-mod-usher/work/29/191f5df89b8042e4e48b56853a5fee

Container:
  quay.io/biocontainers/usher:0.6.6--h719ac0c_2

Tip: view the complete command output by changing to the process work dir and entering the command `cat .command.out`
Sep-08 09:23:02.554 [TaskFinalizer-2] INFO  nextflow.Session - Execution cancelled -- Finishing pending tasks before exit
Sep-08 09:23:02.564 [main] DEBUG nextflow.Session - Session await > all processes finished
Sep-08 09:23:02.693 [Actor Thread 61] DEBUG nextflow.sort.BigSort - Sort completed -- entries: 232; slices: 1; internal sort time: 0.113 s; external sort time: 0.015 s; total time: 0.128 s
Sep-08 09:23:02.694 [Actor Thread 61] DEBUG nextflow.file.FileCollector - >> temp file exists? false
Sep-08 09:23:02.695 [Actor Thread 61] DEBUG nextflow.file.FileCollector - Missed collect-file cache -- cause: java.nio.file.NoSuchFileException: /home/phemarajata/wf-assembly-snps-mod-usher/work/collect-file/bc1332b5ca1f86dae803f530fe8d498e
Sep-08 09:23:02.715 [Actor Thread 61] DEBUG nextflow.file.FileCollector - Saved collect-files list to: /home/phemarajata/wf-assembly-snps-mod-usher/work/collect-file/bc1332b5ca1f86dae803f530fe8d498e
Sep-08 09:23:02.717 [Actor Thread 61] DEBUG nextflow.file.FileCollector - Deleting file collector temp dir: /tmp/nxf-6099367502852745864
Sep-08 09:23:20.015 [Task monitor] DEBUG n.processor.TaskPollingMonitor - !! executor local > tasks to be completed: 2 -- submitted tasks are shown below
~> TaskHandler[id: 234; name: RECOMBINATION_AWARE_SNPS:IQTREE_ASC (cluster_cluster_0); status: RUNNING; exit: -; error: -; workDir: /home/phemarajata/wf-assembly-snps-mod-usher/work/81/2a3424cd180d6bb33e28715f484b1a]
~> TaskHandler[id: 235; name: RECOMBINATION_AWARE_SNPS:IQTREE_ASC (cluster_cluster_1); status: RUNNING; exit: -; error: -; workDir: /home/phemarajata/wf-assembly-snps-mod-usher/work/cd/839edd8aecf8e4f5a41c6671c35a32]
Sep-08 09:26:17.869 [Task monitor] DEBUG n.processor.TaskPollingMonitor - Task completed > TaskHandler[id: 234; name: RECOMBINATION_AWARE_SNPS:IQTREE_ASC (cluster_cluster_0); status: COMPLETED; exit: 0; error: -; workDir: /home/phemarajata/wf-assembly-snps-mod-usher/work/81/2a3424cd180d6bb33e28715f484b1a]
Sep-08 09:26:21.616 [Task monitor] DEBUG n.processor.TaskPollingMonitor - Task completed > TaskHandler[id: 235; name: RECOMBINATION_AWARE_SNPS:IQTREE_ASC (cluster_cluster_1); status: COMPLETED; exit: 0; error: -; workDir: /home/phemarajata/wf-assembly-snps-mod-usher/work/cd/839edd8aecf8e4f5a41c6671c35a32]
Sep-08 09:26:21.617 [Task monitor] DEBUG n.processor.TaskPollingMonitor - <<< barrier arrives (monitor: local) - terminating tasks monitor poll loop
Sep-08 09:26:21.617 [main] DEBUG nextflow.Session - Session await > all barriers passed
Sep-08 09:26:21.620 [main] DEBUG nextflow.util.ThreadPoolManager - Thread pool 'TaskFinalizer' shutdown completed (hard=false)
Sep-08 09:26:21.621 [main] DEBUG nextflow.util.ThreadPoolManager - Thread pool 'PublishDir' shutdown completed (hard=false)
Sep-08 09:26:21.622 [main] INFO  nextflow.Nextflow - -[0;35m[bacterial-genomics/wf-assembly-snps][0;31m Pipeline completed with errors[0m-
Sep-08 09:26:21.622 [main] INFO  nextflow.Nextflow - -[0;35m[bacterial-genomics/wf-assembly-snps][0;31m Pipeline completed with errors[0m-
Sep-08 09:26:21.622 [main] INFO  nextflow.Nextflow - -[0;35m[bacterial-genomics/wf-assembly-snps][0;31m Pipeline completed with errors[0m-
Sep-08 09:26:21.625 [main] DEBUG n.trace.WorkflowStatsObserver - Workflow completed > WorkflowStats[succeededCount=13; failedCount=1; ignoredCount=0; cachedCount=223; pendingCount=0; submittedCount=0; runningCount=0; retriesCount=0; abortedCount=0; succeedDuration=9h 25m 42s; failedDuration=1.1s; cachedDuration=4h 19m 1s;loadCpus=0; loadMemory=0; peakRunning=3; peakCpus=20; peakMemory=40 GB; ]
Sep-08 09:26:21.625 [main] DEBUG nextflow.trace.TraceFileObserver - Workflow completed -- saving trace file
Sep-08 09:26:21.625 [main] DEBUG nextflow.trace.ReportObserver - Workflow completed -- rendering execution report
Sep-08 09:26:22.004 [main] DEBUG nextflow.trace.TimelineObserver - Workflow completed -- rendering execution timeline
Sep-08 09:26:22.233 [main] DEBUG nextflow.cache.CacheDB - Closing CacheDB done
Sep-08 09:26:22.246 [main] DEBUG nextflow.util.ThreadPoolManager - Thread pool 'FileTransfer' shutdown completed (hard=false)
Sep-08 09:26:22.247 [main] DEBUG nextflow.script.ScriptRunner - > Execution complete -- Goodbye
